[debug] [2021-03-17T14:26:13.892Z] ----------------------------------------------------------------------
[debug] [2021-03-17T14:26:13.893Z] Command:       /usr/local/Cellar/node/15.11.0/bin/node /usr/local/bin/firebase emulators:start
[debug] [2021-03-17T14:26:13.894Z] CLI Version:   9.5.0
[debug] [2021-03-17T14:26:13.894Z] Platform:      darwin
[debug] [2021-03-17T14:26:13.894Z] Node Version:  v15.11.0
[debug] [2021-03-17T14:26:13.894Z] Time:          Wed Mar 17 2021 10:26:13 GMT-0400 (Eastern Daylight Time)
[debug] [2021-03-17T14:26:13.894Z] ----------------------------------------------------------------------
[debug] [2021-03-17T14:26:13.895Z] 
[debug] [2021-03-17T14:26:13.896Z] >>> [apiv2][query] GET https://firebase-public.firebaseio.com/cli.json [none]
[debug] [2021-03-17T14:26:13.915Z] > command requires scopes: ["email","openid","https://www.googleapis.com/auth/cloudplatformprojects.readonly","https://www.googleapis.com/auth/firebase","https://www.googleapis.com/auth/cloud-platform"]
[debug] [2021-03-17T14:26:13.916Z] > authorizing via signed-in user
[info] i  emulators: Starting emulators: functions, hosting {"metadata":{"emulator":{"name":"hub"},"message":"Starting emulators: functions, hosting"}}
[debug] [2021-03-17T14:26:13.929Z] [hub] writing locator at /var/folders/ct/2c9_xzq908x9vnxmxjrydb440000gn/T/hub-clone-2d1c5.json
[warn] ⚠  functions: The following emulators are not running, calls to these services from the Functions emulator will affect production: auth, firestore, database, pubsub {"metadata":{"emulator":{"name":"functions"},"message":"The following emulators are not running, calls to these services from the Functions emulator will affect production: \u001b[1mauth, firestore, database, pubsub\u001b[22m"}}
[warn] ⚠  Your requested "node" version "12" doesn't match your global version "15" {"metadata":{"emulator":{"name":"functions"},"message":"Your requested \"node\" version \"12\" doesn't match your global version \"15\""}}
[debug] [2021-03-17T14:26:13.943Z] defaultcredentials: writing to file /Users/bobbyreay/.config/firebase/rreay724_gmail_com_application_default_credentials.json
[debug] [2021-03-17T14:26:13.946Z] Setting GAC to /Users/bobbyreay/.config/firebase/rreay724_gmail_com_application_default_credentials.json {"metadata":{"emulator":{"name":"functions"},"message":"Setting GAC to /Users/bobbyreay/.config/firebase/rreay724_gmail_com_application_default_credentials.json"}}
[debug] [2021-03-17T14:26:13.947Z] > refreshing access token with scopes: []
[debug] [2021-03-17T14:26:13.947Z] >>> HTTP REQUEST POST https://www.googleapis.com/oauth2/v3/token  
 <request body omitted>
[debug] [2021-03-17T14:26:14.007Z] <<< HTTP RESPONSE 200 {"cache-control":"no-cache, no-store, max-age=0, must-revalidate","pragma":"no-cache","expires":"Mon, 01 Jan 1990 00:00:00 GMT","date":"Wed, 17 Mar 2021 14:26:14 GMT","content-type":"application/json; charset=utf-8","vary":"X-Origin, Referer, Origin,Accept-Encoding","server":"scaffolding on HTTPServer2","x-xss-protection":"0","x-frame-options":"SAMEORIGIN","x-content-type-options":"nosniff","alt-svc":"h3-29=\":443\"; ma=2592000,h3-T051=\":443\"; ma=2592000,h3-Q050=\":443\"; ma=2592000,h3-Q046=\":443\"; ma=2592000,h3-Q043=\":443\"; ma=2592000,quic=\":443\"; ma=2592000; v=\"46,43\"","accept-ranges":"none","transfer-encoding":"chunked"}
[debug] [2021-03-17T14:26:14.037Z] >>> [apiv2][query] GET https://firebase.googleapis.com/v1beta1/projects/clone-2d1c5/adminSdkConfig [none]
[debug] [2021-03-17T14:26:14.081Z] <<< [apiv2][status] GET https://firebase-public.firebaseio.com/cli.json 200
[debug] [2021-03-17T14:26:14.081Z] <<< [apiv2][body] GET https://firebase-public.firebaseio.com/cli.json {"cloudBuildErrorAfter":1594252800000,"cloudBuildWarnAfter":1590019200000,"defaultNode10After":1594252800000,"minVersion":"3.0.5","node8DeploysDisabledAfter":1613390400000,"node8RuntimeDisabledAfter":1615809600000,"node8WarnAfter":1600128000000}
[debug] [2021-03-17T14:26:14.271Z] <<< [apiv2][status] GET https://firebase.googleapis.com/v1beta1/projects/clone-2d1c5/adminSdkConfig 200
[debug] [2021-03-17T14:26:14.271Z] <<< [apiv2][body] GET https://firebase.googleapis.com/v1beta1/projects/clone-2d1c5/adminSdkConfig {"projectId":"clone-2d1c5","storageBucket":"clone-2d1c5.appspot.com","locationId":"us-east1"}
[debug] [2021-03-17T14:26:14.306Z] >>> [apiv2][query] GET https://firebase.googleapis.com/v1beta1/projects/clone-2d1c5/webApps/-/config [none]
[debug] [2021-03-17T14:26:14.653Z] <<< [apiv2][status] GET https://firebase.googleapis.com/v1beta1/projects/clone-2d1c5/webApps/-/config 200
[debug] [2021-03-17T14:26:14.654Z] <<< [apiv2][body] GET https://firebase.googleapis.com/v1beta1/projects/clone-2d1c5/webApps/-/config {"projectId":"clone-2d1c5","appId":"1:410859183865:web:7e90291de1adfadbf38c28","storageBucket":"clone-2d1c5.appspot.com","locationId":"us-east1","apiKey":"AIzaSyDQZvdzQWZ9KowYPKXSblDozasLx8vbRm0","authDomain":"clone-2d1c5.firebaseapp.com","messagingSenderId":"410859183865","measurementId":"G-DJENSCDEM7"}
[info] i  hosting: Serving hosting files from: Build {"metadata":{"emulator":{"name":"hosting"},"message":"Serving hosting files from: \u001b[1mBuild\u001b[22m"}}
[info] ✔  hosting: Local server: http://localhost:5000 {"metadata":{"emulator":{"name":"hosting"},"message":"Local server: \u001b[4m\u001b[1mhttp://localhost:5000\u001b[22m\u001b[24m"}}
[warn] ⚠  ui: Emulator UI unable to start on port 4000, starting on 4001 instead. {"metadata":{"emulator":{"name":"ui"},"message":"Emulator UI unable to start on port 4000, starting on 4001 instead."}}
[debug] [2021-03-17T14:26:14.964Z] Ignoring unsupported arg: auto_download {"metadata":{"emulator":{"name":"ui"},"message":"Ignoring unsupported arg: auto_download"}}
[debug] [2021-03-17T14:26:14.964Z] Ignoring unsupported arg: port {"metadata":{"emulator":{"name":"ui"},"message":"Ignoring unsupported arg: port"}}
[debug] [2021-03-17T14:26:14.964Z] Starting Emulator UI with command {"binary":"node","args":["/Users/bobbyreay/.cache/firebase/emulators/ui-v1.4.2/server.bundle.js"],"optionalArgs":[],"joinArgs":false} {"metadata":{"emulator":{"name":"ui"},"message":"Starting Emulator UI with command {\"binary\":\"node\",\"args\":[\"/Users/bobbyreay/.cache/firebase/emulators/ui-v1.4.2/server.bundle.js\"],\"optionalArgs\":[],\"joinArgs\":false}"}}
[info] i  ui: Emulator UI logging to ui-debug.log {"metadata":{"emulator":{"name":"ui"},"message":"Emulator UI logging to \u001b[1mui-debug.log\u001b[22m"}}
[debug] [2021-03-17T14:26:15.065Z] Web / API server started at http://localhost:4001
 {"metadata":{"emulator":{"name":"ui"},"message":"Web / API server started at http://localhost:4001\n"}}
[info] i  functions: Watching "/Users/bobbyreay/Projects/ReactProjects/amazon-clone/functions" for Cloud Functions... {"metadata":{"emulator":{"name":"functions"},"message":"Watching \"/Users/bobbyreay/Projects/ReactProjects/amazon-clone/functions\" for Cloud Functions..."}}
[debug] [2021-03-17T14:26:15.231Z] [worker-pool] addWorker(~diagnostic~) {"metadata":{"emulator":{"name":"functions"},"message":"[worker-pool] addWorker(~diagnostic~)"}}
[debug] [2021-03-17T14:26:15.231Z] [worker-pool] Adding worker with key ~diagnostic~, total=1 {"metadata":{"emulator":{"name":"functions"},"message":"[worker-pool] Adding worker with key ~diagnostic~, total=1"}}
[debug] [2021-03-17T14:26:15.231Z] [worker-pool] submitWork(triggerId=) {"metadata":{"emulator":{"name":"functions"},"message":"[worker-pool] submitWork(triggerId=)"}}
[debug] [2021-03-17T14:26:15.231Z] [worker-~diagnostic~-43fe9361-178a-4ba7-9dc1-a7ce9cbd0e8a]: Assigning socketPath: /var/folders/ct/2c9_xzq908x9vnxmxjrydb440000gn/T/fire_emu_43156.sock {"metadata":{"emulator":{"name":"functions"},"message":"[worker-~diagnostic~-43fe9361-178a-4ba7-9dc1-a7ce9cbd0e8a]: Assigning socketPath: /var/folders/ct/2c9_xzq908x9vnxmxjrydb440000gn/T/fire_emu_43156.sock"}}
[debug] [2021-03-17T14:26:15.232Z] [worker-~diagnostic~-43fe9361-178a-4ba7-9dc1-a7ce9cbd0e8a]: BUSY {"metadata":{"emulator":{"name":"functions"},"message":"[worker-~diagnostic~-43fe9361-178a-4ba7-9dc1-a7ce9cbd0e8a]: BUSY"}}
[debug] [2021-03-17T14:26:15.360Z] [runtime-status] [43156] Functions runtime initialized. {"cwd":"/Users/bobbyreay/Projects/ReactProjects/amazon-clone/functions","node_version":"15.11.0"} {"metadata":{"emulator":{"name":"functions"},"message":"[runtime-status] [43156] Functions runtime initialized. {\"cwd\":\"/Users/bobbyreay/Projects/ReactProjects/amazon-clone/functions\",\"node_version\":\"15.11.0\"}"}}
[debug] [2021-03-17T14:26:15.361Z] [runtime-status] [43156] Disabled runtime features: undefined {"metadata":{"emulator":{"name":"functions"},"message":"[runtime-status] [43156] Disabled runtime features: undefined"}}
[debug] [2021-03-17T14:26:15.366Z] [runtime-status] [43156] Resolved module firebase-admin {"declared":true,"installed":true,"version":"9.5.0","resolution":"/Users/bobbyreay/Projects/ReactProjects/amazon-clone/functions/node_modules/firebase-admin/lib/index.js"} {"metadata":{"emulator":{"name":"functions"},"message":"[runtime-status] [43156] Resolved module firebase-admin {\"declared\":true,\"installed\":true,\"version\":\"9.5.0\",\"resolution\":\"/Users/bobbyreay/Projects/ReactProjects/amazon-clone/functions/node_modules/firebase-admin/lib/index.js\"}"}}
[debug] [2021-03-17T14:26:15.368Z] [runtime-status] [43156] Resolved module firebase-functions {"declared":true,"installed":true,"version":"3.13.2","resolution":"/Users/bobbyreay/Projects/ReactProjects/amazon-clone/functions/node_modules/firebase-functions/lib/index.js"} {"metadata":{"emulator":{"name":"functions"},"message":"[runtime-status] [43156] Resolved module firebase-functions {\"declared\":true,\"installed\":true,\"version\":\"3.13.2\",\"resolution\":\"/Users/bobbyreay/Projects/ReactProjects/amazon-clone/functions/node_modules/firebase-functions/lib/index.js\"}"}}
[debug] [2021-03-17T14:26:15.369Z] [runtime-status] [43156] Resolved module firebase-functions {"declared":true,"installed":true,"version":"3.13.2","resolution":"/Users/bobbyreay/Projects/ReactProjects/amazon-clone/functions/node_modules/firebase-functions/lib/index.js"} {"metadata":{"emulator":{"name":"functions"},"message":"[runtime-status] [43156] Resolved module firebase-functions {\"declared\":true,\"installed\":true,\"version\":\"3.13.2\",\"resolution\":\"/Users/bobbyreay/Projects/ReactProjects/amazon-clone/functions/node_modules/firebase-functions/lib/index.js\"}"}}
[debug] [2021-03-17T14:26:15.371Z] [runtime-status] [43156] Outgoing network have been stubbed. [{"name":"http","status":"mocked"},{"name":"http","status":"mocked"},{"name":"https","status":"mocked"},{"name":"https","status":"mocked"},{"name":"net","status":"mocked"}] {"metadata":{"emulator":{"name":"functions"},"message":"[runtime-status] [43156] Outgoing network have been stubbed. [{\"name\":\"http\",\"status\":\"mocked\"},{\"name\":\"http\",\"status\":\"mocked\"},{\"name\":\"https\",\"status\":\"mocked\"},{\"name\":\"https\",\"status\":\"mocked\"},{\"name\":\"net\",\"status\":\"mocked\"}]"}}
[debug] [2021-03-17T14:26:15.371Z] [runtime-status] [43156] Resolved module firebase-functions {"declared":true,"installed":true,"version":"3.13.2","resolution":"/Users/bobbyreay/Projects/ReactProjects/amazon-clone/functions/node_modules/firebase-functions/lib/index.js"} {"metadata":{"emulator":{"name":"functions"},"message":"[runtime-status] [43156] Resolved module firebase-functions {\"declared\":true,\"installed\":true,\"version\":\"3.13.2\",\"resolution\":\"/Users/bobbyreay/Projects/ReactProjects/amazon-clone/functions/node_modules/firebase-functions/lib/index.js\"}"}}
[debug] [2021-03-17T14:26:15.427Z] [runtime-status] [43156] Checked functions.config() {"config":{}} {"metadata":{"emulator":{"name":"functions"},"message":"[runtime-status] [43156] Checked functions.config() {\"config\":{}}"}}
[debug] [2021-03-17T14:26:15.427Z] [runtime-status] [43156] firebase-functions has been stubbed. {"functionsResolution":{"declared":true,"installed":true,"version":"3.13.2","resolution":"/Users/bobbyreay/Projects/ReactProjects/amazon-clone/functions/node_modules/firebase-functions/lib/index.js"}} {"metadata":{"emulator":{"name":"functions"},"message":"[runtime-status] [43156] firebase-functions has been stubbed. {\"functionsResolution\":{\"declared\":true,\"installed\":true,\"version\":\"3.13.2\",\"resolution\":\"/Users/bobbyreay/Projects/ReactProjects/amazon-clone/functions/node_modules/firebase-functions/lib/index.js\"}}"}}
[debug] [2021-03-17T14:26:15.428Z] [runtime-status] [43156] Resolved module firebase-functions {"declared":true,"installed":true,"version":"3.13.2","resolution":"/Users/bobbyreay/Projects/ReactProjects/amazon-clone/functions/node_modules/firebase-functions/lib/index.js"} {"metadata":{"emulator":{"name":"functions"},"message":"[runtime-status] [43156] Resolved module firebase-functions {\"declared\":true,\"installed\":true,\"version\":\"3.13.2\",\"resolution\":\"/Users/bobbyreay/Projects/ReactProjects/amazon-clone/functions/node_modules/firebase-functions/lib/index.js\"}"}}
[debug] [2021-03-17T14:26:15.428Z] [runtime-status] [43156] Resolved module firebase-admin {"declared":true,"installed":true,"version":"9.5.0","resolution":"/Users/bobbyreay/Projects/ReactProjects/amazon-clone/functions/node_modules/firebase-admin/lib/index.js"} {"metadata":{"emulator":{"name":"functions"},"message":"[runtime-status] [43156] Resolved module firebase-admin {\"declared\":true,\"installed\":true,\"version\":\"9.5.0\",\"resolution\":\"/Users/bobbyreay/Projects/ReactProjects/amazon-clone/functions/node_modules/firebase-admin/lib/index.js\"}"}}
[debug] [2021-03-17T14:26:15.429Z] [runtime-status] [43156] Resolved module firebase-functions {"declared":true,"installed":true,"version":"3.13.2","resolution":"/Users/bobbyreay/Projects/ReactProjects/amazon-clone/functions/node_modules/firebase-functions/lib/index.js"} {"metadata":{"emulator":{"name":"functions"},"message":"[runtime-status] [43156] Resolved module firebase-functions {\"declared\":true,\"installed\":true,\"version\":\"3.13.2\",\"resolution\":\"/Users/bobbyreay/Projects/ReactProjects/amazon-clone/functions/node_modules/firebase-functions/lib/index.js\"}"}}
[debug] [2021-03-17T14:26:15.429Z] [runtime-status] [43156] firebase-admin has been stubbed. {"adminResolution":{"declared":true,"installed":true,"version":"9.5.0","resolution":"/Users/bobbyreay/Projects/ReactProjects/amazon-clone/functions/node_modules/firebase-admin/lib/index.js"}} {"metadata":{"emulator":{"name":"functions"},"message":"[runtime-status] [43156] firebase-admin has been stubbed. {\"adminResolution\":{\"declared\":true,\"installed\":true,\"version\":\"9.5.0\",\"resolution\":\"/Users/bobbyreay/Projects/ReactProjects/amazon-clone/functions/node_modules/firebase-admin/lib/index.js\"}}"}}
[info] ✔  functions[api]: http function initialized (http://localhost:5001/clone-2d1c5/us-central1/api). {"metadata":{"emulator":{"name":"functions"},"message":"\u001b[1mhttp\u001b[22m function initialized (http://localhost:5001/clone-2d1c5/us-central1/api)."}}
[info] 
┌─────────────────────────────────────────────────────────────┐
│ ✔  All emulators ready! It is now safe to connect your app. │
│ i  View Emulator UI at http://localhost:4001                │
└─────────────────────────────────────────────────────────────┘

┌───────────┬────────────────┬─────────────────────────────────┐
│ Emulator  │ Host:Port      │ View in Emulator UI             │
├───────────┼────────────────┼─────────────────────────────────┤
│ Functions │ localhost:5001 │ http://localhost:4001/functions │
├───────────┼────────────────┼─────────────────────────────────┤
│ Hosting   │ localhost:5000 │ n/a                             │
└───────────┴────────────────┴─────────────────────────────────┘
  Emulator Hub running at localhost:4400
  Other reserved ports: 4500

Issues? Report them at https://github.com/firebase/firebase-tools/issues and attach the *-debug.log files.
 
[debug] [2021-03-17T14:26:15.566Z] [worker-~diagnostic~-43fe9361-178a-4ba7-9dc1-a7ce9cbd0e8a]: IDLE {"metadata":{"emulator":{"name":"functions"},"message":"[worker-~diagnostic~-43fe9361-178a-4ba7-9dc1-a7ce9cbd0e8a]: IDLE"}}
[debug] [2021-03-17T14:28:03.346Z] [work-queue] {"queueLength":1,"workRunningCount":0}
[debug] [2021-03-17T14:28:03.346Z] [work-queue] {"queueLength":0,"workRunningCount":1}
[debug] [2021-03-17T14:28:03.347Z] Accepted request POST /clone-2d1c5/us-central1/api/payments/create?total=62098 --> api
[debug] [2021-03-17T14:28:03.351Z] [worker-pool] addWorker(api) {"metadata":{"emulator":{"name":"functions"},"message":"[worker-pool] addWorker(api)"}}
[debug] [2021-03-17T14:28:03.352Z] [worker-pool] Adding worker with key api, total=1 {"metadata":{"emulator":{"name":"functions"},"message":"[worker-pool] Adding worker with key api, total=1"}}
[debug] [2021-03-17T14:28:03.352Z] [worker-pool] submitWork(triggerId=api) {"metadata":{"emulator":{"name":"functions"},"message":"[worker-pool] submitWork(triggerId=api)"}}
[debug] [2021-03-17T14:28:03.352Z] [worker-api-d8d3bda4-d6e4-45ea-b54a-8d3d7b7a3d9f]: Assigning socketPath: /var/folders/ct/2c9_xzq908x9vnxmxjrydb440000gn/T/fire_emu_43201.sock {"metadata":{"emulator":{"name":"functions"},"message":"[worker-api-d8d3bda4-d6e4-45ea-b54a-8d3d7b7a3d9f]: Assigning socketPath: /var/folders/ct/2c9_xzq908x9vnxmxjrydb440000gn/T/fire_emu_43201.sock"}}
[debug] [2021-03-17T14:28:03.352Z] [worker-api-d8d3bda4-d6e4-45ea-b54a-8d3d7b7a3d9f]: BUSY {"metadata":{"emulator":{"name":"functions"},"message":"[worker-api-d8d3bda4-d6e4-45ea-b54a-8d3d7b7a3d9f]: BUSY"}}
[debug] [2021-03-17T14:28:03.471Z] [runtime-status] [43201] Functions runtime initialized. {"cwd":"/Users/bobbyreay/Projects/ReactProjects/amazon-clone/functions","node_version":"15.11.0"} {"metadata":{"emulator":{"name":"functions"},"function":{"name":"api"},"message":"[runtime-status] [43201] Functions runtime initialized. {\"cwd\":\"/Users/bobbyreay/Projects/ReactProjects/amazon-clone/functions\",\"node_version\":\"15.11.0\"}"}}
[debug] [2021-03-17T14:28:03.472Z] [runtime-status] [43201] Disabled runtime features: undefined {"metadata":{"emulator":{"name":"functions"},"function":{"name":"api"},"message":"[runtime-status] [43201] Disabled runtime features: undefined"}}
[debug] [2021-03-17T14:28:03.474Z] [runtime-status] [43201] Resolved module firebase-admin {"declared":true,"installed":true,"version":"9.5.0","resolution":"/Users/bobbyreay/Projects/ReactProjects/amazon-clone/functions/node_modules/firebase-admin/lib/index.js"} {"metadata":{"emulator":{"name":"functions"},"function":{"name":"api"},"message":"[runtime-status] [43201] Resolved module firebase-admin {\"declared\":true,\"installed\":true,\"version\":\"9.5.0\",\"resolution\":\"/Users/bobbyreay/Projects/ReactProjects/amazon-clone/functions/node_modules/firebase-admin/lib/index.js\"}"}}
[debug] [2021-03-17T14:28:03.474Z] [runtime-status] [43201] Resolved module firebase-functions {"declared":true,"installed":true,"version":"3.13.2","resolution":"/Users/bobbyreay/Projects/ReactProjects/amazon-clone/functions/node_modules/firebase-functions/lib/index.js"} {"metadata":{"emulator":{"name":"functions"},"function":{"name":"api"},"message":"[runtime-status] [43201] Resolved module firebase-functions {\"declared\":true,\"installed\":true,\"version\":\"3.13.2\",\"resolution\":\"/Users/bobbyreay/Projects/ReactProjects/amazon-clone/functions/node_modules/firebase-functions/lib/index.js\"}"}}
[debug] [2021-03-17T14:28:03.476Z] [runtime-status] [43201] Resolved module firebase-functions {"declared":true,"installed":true,"version":"3.13.2","resolution":"/Users/bobbyreay/Projects/ReactProjects/amazon-clone/functions/node_modules/firebase-functions/lib/index.js"} {"metadata":{"emulator":{"name":"functions"},"function":{"name":"api"},"message":"[runtime-status] [43201] Resolved module firebase-functions {\"declared\":true,\"installed\":true,\"version\":\"3.13.2\",\"resolution\":\"/Users/bobbyreay/Projects/ReactProjects/amazon-clone/functions/node_modules/firebase-functions/lib/index.js\"}"}}
[debug] [2021-03-17T14:28:03.477Z] [runtime-status] [43201] Outgoing network have been stubbed. [{"name":"http","status":"mocked"},{"name":"http","status":"mocked"},{"name":"https","status":"mocked"},{"name":"https","status":"mocked"},{"name":"net","status":"mocked"}] {"metadata":{"emulator":{"name":"functions"},"function":{"name":"api"},"message":"[runtime-status] [43201] Outgoing network have been stubbed. [{\"name\":\"http\",\"status\":\"mocked\"},{\"name\":\"http\",\"status\":\"mocked\"},{\"name\":\"https\",\"status\":\"mocked\"},{\"name\":\"https\",\"status\":\"mocked\"},{\"name\":\"net\",\"status\":\"mocked\"}]"}}
[debug] [2021-03-17T14:28:03.477Z] [runtime-status] [43201] Resolved module firebase-functions {"declared":true,"installed":true,"version":"3.13.2","resolution":"/Users/bobbyreay/Projects/ReactProjects/amazon-clone/functions/node_modules/firebase-functions/lib/index.js"} {"metadata":{"emulator":{"name":"functions"},"function":{"name":"api"},"message":"[runtime-status] [43201] Resolved module firebase-functions {\"declared\":true,\"installed\":true,\"version\":\"3.13.2\",\"resolution\":\"/Users/bobbyreay/Projects/ReactProjects/amazon-clone/functions/node_modules/firebase-functions/lib/index.js\"}"}}
[debug] [2021-03-17T14:28:03.513Z] [runtime-status] [43201] Checked functions.config() {"config":{}} {"metadata":{"emulator":{"name":"functions"},"function":{"name":"api"},"message":"[runtime-status] [43201] Checked functions.config() {\"config\":{}}"}}
[debug] [2021-03-17T14:28:03.513Z] [runtime-status] [43201] firebase-functions has been stubbed. {"functionsResolution":{"declared":true,"installed":true,"version":"3.13.2","resolution":"/Users/bobbyreay/Projects/ReactProjects/amazon-clone/functions/node_modules/firebase-functions/lib/index.js"}} {"metadata":{"emulator":{"name":"functions"},"function":{"name":"api"},"message":"[runtime-status] [43201] firebase-functions has been stubbed. {\"functionsResolution\":{\"declared\":true,\"installed\":true,\"version\":\"3.13.2\",\"resolution\":\"/Users/bobbyreay/Projects/ReactProjects/amazon-clone/functions/node_modules/firebase-functions/lib/index.js\"}}"}}
[debug] [2021-03-17T14:28:03.513Z] [runtime-status] [43201] Resolved module firebase-functions {"declared":true,"installed":true,"version":"3.13.2","resolution":"/Users/bobbyreay/Projects/ReactProjects/amazon-clone/functions/node_modules/firebase-functions/lib/index.js"} {"metadata":{"emulator":{"name":"functions"},"function":{"name":"api"},"message":"[runtime-status] [43201] Resolved module firebase-functions {\"declared\":true,\"installed\":true,\"version\":\"3.13.2\",\"resolution\":\"/Users/bobbyreay/Projects/ReactProjects/amazon-clone/functions/node_modules/firebase-functions/lib/index.js\"}"}}
[debug] [2021-03-17T14:28:03.514Z] [runtime-status] [43201] Resolved module firebase-admin {"declared":true,"installed":true,"version":"9.5.0","resolution":"/Users/bobbyreay/Projects/ReactProjects/amazon-clone/functions/node_modules/firebase-admin/lib/index.js"} {"metadata":{"emulator":{"name":"functions"},"function":{"name":"api"},"message":"[runtime-status] [43201] Resolved module firebase-admin {\"declared\":true,\"installed\":true,\"version\":\"9.5.0\",\"resolution\":\"/Users/bobbyreay/Projects/ReactProjects/amazon-clone/functions/node_modules/firebase-admin/lib/index.js\"}"}}
[debug] [2021-03-17T14:28:03.514Z] [runtime-status] [43201] Resolved module firebase-functions {"declared":true,"installed":true,"version":"3.13.2","resolution":"/Users/bobbyreay/Projects/ReactProjects/amazon-clone/functions/node_modules/firebase-functions/lib/index.js"} {"metadata":{"emulator":{"name":"functions"},"function":{"name":"api"},"message":"[runtime-status] [43201] Resolved module firebase-functions {\"declared\":true,\"installed\":true,\"version\":\"3.13.2\",\"resolution\":\"/Users/bobbyreay/Projects/ReactProjects/amazon-clone/functions/node_modules/firebase-functions/lib/index.js\"}"}}
[debug] [2021-03-17T14:28:03.514Z] [runtime-status] [43201] firebase-admin has been stubbed. {"adminResolution":{"declared":true,"installed":true,"version":"9.5.0","resolution":"/Users/bobbyreay/Projects/ReactProjects/amazon-clone/functions/node_modules/firebase-admin/lib/index.js"}} {"metadata":{"emulator":{"name":"functions"},"function":{"name":"api"},"message":"[runtime-status] [43201] firebase-admin has been stubbed. {\"adminResolution\":{\"declared\":true,\"installed\":true,\"version\":\"9.5.0\",\"resolution\":\"/Users/bobbyreay/Projects/ReactProjects/amazon-clone/functions/node_modules/firebase-admin/lib/index.js\"}}"}}
[debug] [2021-03-17T14:28:03.584Z] [runtime-status] [43201] Trigger "api" has been found, beginning invocation! {"metadata":{"emulator":{"name":"functions"},"function":{"name":"api"},"message":"[runtime-status] [43201] Trigger \"api\" has been found, beginning invocation!"}}
[info] i  functions: Beginning execution of "api" {"metadata":{"emulator":{"name":"functions"},"function":{"name":"api"},"message":"Beginning execution of \"api\""}}
[debug] [2021-03-17T14:28:03.585Z] [runtime-status] [43201] triggerDefinition {"httpsTrigger":{},"name":"api","entryPoint":"api"} {"metadata":{"emulator":{"name":"functions"},"function":{"name":"api"},"message":"[runtime-status] [43201] triggerDefinition {\"httpsTrigger\":{},\"name\":\"api\",\"entryPoint\":\"api\"}"}}
[debug] [2021-03-17T14:28:03.585Z] [runtime-status] [43201] Running api in mode HTTPS {"metadata":{"emulator":{"name":"functions"},"function":{"name":"api"},"message":"[runtime-status] [43201] Running api in mode HTTPS"}}
[debug] [2021-03-17T14:28:03.587Z] [runtime-status] [43201] Attempting to listen to socketPath: /var/folders/ct/2c9_xzq908x9vnxmxjrydb440000gn/T/fire_emu_43201.sock {"metadata":{"emulator":{"name":"functions"},"function":{"name":"api"},"message":"[runtime-status] [43201] Attempting to listen to socketPath: /var/folders/ct/2c9_xzq908x9vnxmxjrydb440000gn/T/fire_emu_43201.sock"}}
[debug] [2021-03-17T14:28:03.589Z] [functions] Runtime ready! Sending request! {"metadata":{"emulator":{"name":"functions"},"message":"[functions] Runtime ready! Sending request!"}}
[debug] [2021-03-17T14:28:03.590Z] [functions] Got req.url=/clone-2d1c5/us-central1/api/payments/create?total=62098, mapping to path=/payments/create?total=62098 {"metadata":{"emulator":{"name":"functions"},"message":"[functions] Got req.url=/clone-2d1c5/us-central1/api/payments/create?total=62098, mapping to path=/payments/create?total=62098"}}
[debug] [2021-03-17T14:28:03.596Z] [runtime-status] [43201] Ephemeral server handling POST request {"metadata":{"emulator":{"name":"functions"},"function":{"name":"api"},"message":"[runtime-status] [43201] Ephemeral server handling POST request"}}
[info] >  Payment Request Recieved, POW!!! For this amount:  62098 {"user":"Payment Request Recieved, POW!!! For this amount:  62098","metadata":{"emulator":{"name":"functions"},"function":{"name":"api"},"message":"\u001b[90m> \u001b[39m Payment Request Recieved, POW!!! For this amount:  62098"}}
[debug] [2021-03-17T14:28:03.606Z] [runtime-status] [43201] Ephemeral server survived. {"metadata":{"emulator":{"name":"functions"},"function":{"name":"api"},"message":"[runtime-status] [43201] Ephemeral server survived."}}
[info] i  functions: Finished "api" in ~1s {"metadata":{"emulator":{"name":"functions"},"function":{"name":"api"},"message":"Finished \"api\" in ~1s"}}
[debug] [2021-03-17T14:28:04.042Z] [worker-api-d8d3bda4-d6e4-45ea-b54a-8d3d7b7a3d9f]: IDLE {"metadata":{"emulator":{"name":"functions"},"message":"[worker-api-d8d3bda4-d6e4-45ea-b54a-8d3d7b7a3d9f]: IDLE"}}
[debug] [2021-03-17T14:28:04.042Z] [work-queue] {"queueLength":0,"workRunningCount":0}
[debug] [2021-03-17T14:28:13.904Z] [work-queue] {"queueLength":1,"workRunningCount":0}
[debug] [2021-03-17T14:28:13.904Z] [work-queue] {"queueLength":0,"workRunningCount":1}
[debug] [2021-03-17T14:28:13.904Z] Accepted request POST /clone-2d1c5/us-central1/api/payments/create?total=0 --> api
[debug] [2021-03-17T14:28:13.904Z] [worker-pool] submitWork(triggerId=api) {"metadata":{"emulator":{"name":"functions"},"message":"[worker-pool] submitWork(triggerId=api)"}}
[debug] [2021-03-17T14:28:13.904Z] [worker-api-d8d3bda4-d6e4-45ea-b54a-8d3d7b7a3d9f]: Assigning socketPath: /var/folders/ct/2c9_xzq908x9vnxmxjrydb440000gn/T/fire_emu_43201.sock {"metadata":{"emulator":{"name":"functions"},"message":"[worker-api-d8d3bda4-d6e4-45ea-b54a-8d3d7b7a3d9f]: Assigning socketPath: /var/folders/ct/2c9_xzq908x9vnxmxjrydb440000gn/T/fire_emu_43201.sock"}}
[debug] [2021-03-17T14:28:13.904Z] [worker-api-d8d3bda4-d6e4-45ea-b54a-8d3d7b7a3d9f]: BUSY {"metadata":{"emulator":{"name":"functions"},"message":"[worker-api-d8d3bda4-d6e4-45ea-b54a-8d3d7b7a3d9f]: BUSY"}}
[debug] [2021-03-17T14:28:13.905Z] [runtime-status] [43201] Trigger "api" has been found, beginning invocation! {"metadata":{"emulator":{"name":"functions"},"function":{"name":"api"},"message":"[runtime-status] [43201] Trigger \"api\" has been found, beginning invocation!"}}
[info] i  functions: Beginning execution of "api" {"metadata":{"emulator":{"name":"functions"},"function":{"name":"api"},"message":"Beginning execution of \"api\""}}
[debug] [2021-03-17T14:28:13.905Z] [runtime-status] [43201] triggerDefinition {"httpsTrigger":{},"name":"api","entryPoint":"api"} {"metadata":{"emulator":{"name":"functions"},"function":{"name":"api"},"message":"[runtime-status] [43201] triggerDefinition {\"httpsTrigger\":{},\"name\":\"api\",\"entryPoint\":\"api\"}"}}
[debug] [2021-03-17T14:28:13.905Z] [runtime-status] [43201] Running api in mode HTTPS {"metadata":{"emulator":{"name":"functions"},"function":{"name":"api"},"message":"[runtime-status] [43201] Running api in mode HTTPS"}}
[debug] [2021-03-17T14:28:13.905Z] [runtime-status] [43201] Attempting to listen to socketPath: /var/folders/ct/2c9_xzq908x9vnxmxjrydb440000gn/T/fire_emu_43201.sock {"metadata":{"emulator":{"name":"functions"},"function":{"name":"api"},"message":"[runtime-status] [43201] Attempting to listen to socketPath: /var/folders/ct/2c9_xzq908x9vnxmxjrydb440000gn/T/fire_emu_43201.sock"}}
[debug] [2021-03-17T14:28:13.906Z] [functions] Runtime ready! Sending request! {"metadata":{"emulator":{"name":"functions"},"message":"[functions] Runtime ready! Sending request!"}}
[debug] [2021-03-17T14:28:13.906Z] [functions] Got req.url=/clone-2d1c5/us-central1/api/payments/create?total=0, mapping to path=/payments/create?total=0 {"metadata":{"emulator":{"name":"functions"},"message":"[functions] Got req.url=/clone-2d1c5/us-central1/api/payments/create?total=0, mapping to path=/payments/create?total=0"}}
[debug] [2021-03-17T14:28:13.908Z] [runtime-status] [43201] Ephemeral server handling POST request {"metadata":{"emulator":{"name":"functions"},"function":{"name":"api"},"message":"[runtime-status] [43201] Ephemeral server handling POST request"}}
[info] >  Payment Request Recieved, POW!!! For this amount:  0 {"user":"Payment Request Recieved, POW!!! For this amount:  0","metadata":{"emulator":{"name":"functions"},"function":{"name":"api"},"message":"\u001b[90m> \u001b[39m Payment Request Recieved, POW!!! For this amount:  0"}}
[debug] [2021-03-17T14:28:13.910Z] [runtime-status] [43201] Ephemeral server survived. {"metadata":{"emulator":{"name":"functions"},"function":{"name":"api"},"message":"[runtime-status] [43201] Ephemeral server survived."}}
[info] >  /Users/bobbyreay/Projects/ReactProjects/amazon-clone/functions/node_modules/stripe/lib/Error.js:40 {"user":"/Users/bobbyreay/Projects/ReactProjects/amazon-clone/functions/node_modules/stripe/lib/Error.js:40","metadata":{"emulator":{"name":"functions"},"function":{"name":"api"},"message":"\u001b[90m> \u001b[39m /Users/bobbyreay/Projects/ReactProjects/amazon-clone/functions/node_modules/stripe/lib/Error.js:40"}}
[info] >          return new StripeInvalidRequestError(rawStripeError); {"user":"        return new StripeInvalidRequestError(rawStripeError);","metadata":{"emulator":{"name":"functions"},"function":{"name":"api"},"message":"\u001b[90m> \u001b[39m         return new StripeInvalidRequestError(rawStripeError);"}}
[info] >                 ^ {"user":"               ^","metadata":{"emulator":{"name":"functions"},"function":{"name":"api"},"message":"\u001b[90m> \u001b[39m                ^"}}
[info] >   {"user":"","metadata":{"emulator":{"name":"functions"},"function":{"name":"api"},"message":"\u001b[90m> \u001b[39m "}}
[info] >  StripeInvalidRequestError: This value must be greater than or equal to 1. {"user":"StripeInvalidRequestError: This value must be greater than or equal to 1.","metadata":{"emulator":{"name":"functions"},"function":{"name":"api"},"message":"\u001b[90m> \u001b[39m StripeInvalidRequestError: This value must be greater than or equal to 1."}}
[info] >      at Function.generate (/Users/bobbyreay/Projects/ReactProjects/amazon-clone/functions/node_modules/stripe/lib/Error.js:40:16) {"user":"    at Function.generate (/Users/bobbyreay/Projects/ReactProjects/amazon-clone/functions/node_modules/stripe/lib/Error.js:40:16)","metadata":{"emulator":{"name":"functions"},"function":{"name":"api"},"message":"\u001b[90m> \u001b[39m     at Function.generate (/Users/bobbyreay/Projects/ReactProjects/amazon-clone/functions/node_modules/stripe/lib/Error.js:40:16)"}}
[info] >      at IncomingMessage.<anonymous> (/Users/bobbyreay/Projects/ReactProjects/amazon-clone/functions/node_modules/stripe/lib/StripeResource.js:180:33) {"user":"    at IncomingMessage.<anonymous> (/Users/bobbyreay/Projects/ReactProjects/amazon-clone/functions/node_modules/stripe/lib/StripeResource.js:180:33)","metadata":{"emulator":{"name":"functions"},"function":{"name":"api"},"message":"\u001b[90m> \u001b[39m     at IncomingMessage.<anonymous> (/Users/bobbyreay/Projects/ReactProjects/amazon-clone/functions/node_modules/stripe/lib/StripeResource.js:180:33)"}}
[info] >      at Object.onceWrapper (node:events:484:28) {"user":"    at Object.onceWrapper (node:events:484:28)","metadata":{"emulator":{"name":"functions"},"function":{"name":"api"},"message":"\u001b[90m> \u001b[39m     at Object.onceWrapper (node:events:484:28)"}}
[info] >      at IncomingMessage.emit (node:events:390:22) {"user":"    at IncomingMessage.emit (node:events:390:22)","metadata":{"emulator":{"name":"functions"},"function":{"name":"api"},"message":"\u001b[90m> \u001b[39m     at IncomingMessage.emit (node:events:390:22)"}}
[info] >      at endReadableNT (node:internal/streams/readable:1307:12) {"user":"    at endReadableNT (node:internal/streams/readable:1307:12)","metadata":{"emulator":{"name":"functions"},"function":{"name":"api"},"message":"\u001b[90m> \u001b[39m     at endReadableNT (node:internal/streams/readable:1307:12)"}}
[info] >      at processTicksAndRejections (node:internal/process/task_queues:81:21) { {"user":"    at processTicksAndRejections (node:internal/process/task_queues:81:21) {","metadata":{"emulator":{"name":"functions"},"function":{"name":"api"},"message":"\u001b[90m> \u001b[39m     at processTicksAndRejections (node:internal/process/task_queues:81:21) {"}}
[info] >    type: 'StripeInvalidRequestError', {"user":"  type: 'StripeInvalidRequestError',","metadata":{"emulator":{"name":"functions"},"function":{"name":"api"},"message":"\u001b[90m> \u001b[39m   type: 'StripeInvalidRequestError',"}}
[info] >    raw: { {"user":"  raw: {","metadata":{"emulator":{"name":"functions"},"function":{"name":"api"},"message":"\u001b[90m> \u001b[39m   raw: {"}}
[info] >      code: 'parameter_invalid_integer', {"user":"    code: 'parameter_invalid_integer',","metadata":{"emulator":{"name":"functions"},"function":{"name":"api"},"message":"\u001b[90m> \u001b[39m     code: 'parameter_invalid_integer',"}}
[info] >      doc_url: 'https://stripe.com/docs/error-codes/parameter-invalid-integer', {"user":"    doc_url: 'https://stripe.com/docs/error-codes/parameter-invalid-integer',","metadata":{"emulator":{"name":"functions"},"function":{"name":"api"},"message":"\u001b[90m> \u001b[39m     doc_url: 'https://stripe.com/docs/error-codes/parameter-invalid-integer',"}}
[info] >      message: 'This value must be greater than or equal to 1.', {"user":"    message: 'This value must be greater than or equal to 1.',","metadata":{"emulator":{"name":"functions"},"function":{"name":"api"},"message":"\u001b[90m> \u001b[39m     message: 'This value must be greater than or equal to 1.',"}}
[info] >      param: 'amount', {"user":"    param: 'amount',","metadata":{"emulator":{"name":"functions"},"function":{"name":"api"},"message":"\u001b[90m> \u001b[39m     param: 'amount',"}}
[info] >      type: 'invalid_request_error', {"user":"    type: 'invalid_request_error',","metadata":{"emulator":{"name":"functions"},"function":{"name":"api"},"message":"\u001b[90m> \u001b[39m     type: 'invalid_request_error',"}}
[info] >      headers: { {"user":"    headers: {","metadata":{"emulator":{"name":"functions"},"function":{"name":"api"},"message":"\u001b[90m> \u001b[39m     headers: {"}}
[info] >        server: 'nginx', {"user":"      server: 'nginx',","metadata":{"emulator":{"name":"functions"},"function":{"name":"api"},"message":"\u001b[90m> \u001b[39m       server: 'nginx',"}}
[info] >        date: 'Wed, 17 Mar 2021 14:28:14 GMT', {"user":"      date: 'Wed, 17 Mar 2021 14:28:14 GMT',","metadata":{"emulator":{"name":"functions"},"function":{"name":"api"},"message":"\u001b[90m> \u001b[39m       date: 'Wed, 17 Mar 2021 14:28:14 GMT',"}}
[info] >        'content-type': 'application/json', {"user":"      'content-type': 'application/json',","metadata":{"emulator":{"name":"functions"},"function":{"name":"api"},"message":"\u001b[90m> \u001b[39m       'content-type': 'application/json',"}}
[info] >        'content-length': '266', {"user":"      'content-length': '266',","metadata":{"emulator":{"name":"functions"},"function":{"name":"api"},"message":"\u001b[90m> \u001b[39m       'content-length': '266',"}}
[info] >        connection: 'keep-alive', {"user":"      connection: 'keep-alive',","metadata":{"emulator":{"name":"functions"},"function":{"name":"api"},"message":"\u001b[90m> \u001b[39m       connection: 'keep-alive',"}}
[info] >        'access-control-allow-credentials': 'true', {"user":"      'access-control-allow-credentials': 'true',","metadata":{"emulator":{"name":"functions"},"function":{"name":"api"},"message":"\u001b[90m> \u001b[39m       'access-control-allow-credentials': 'true',"}}
[info] >        'access-control-allow-methods': 'GET, POST, HEAD, OPTIONS, DELETE', {"user":"      'access-control-allow-methods': 'GET, POST, HEAD, OPTIONS, DELETE',","metadata":{"emulator":{"name":"functions"},"function":{"name":"api"},"message":"\u001b[90m> \u001b[39m       'access-control-allow-methods': 'GET, POST, HEAD, OPTIONS, DELETE',"}}
[info] >        'access-control-allow-origin': '*', {"user":"      'access-control-allow-origin': '*',","metadata":{"emulator":{"name":"functions"},"function":{"name":"api"},"message":"\u001b[90m> \u001b[39m       'access-control-allow-origin': '*',"}}
[info] >        'access-control-expose-headers': 'Request-Id, Stripe-Manage-Version, X-Stripe-External-Auth-Required, X-Stripe-Privileged-Session-Required', {"user":"      'access-control-expose-headers': 'Request-Id, Stripe-Manage-Version, X-Stripe-External-Auth-Required, X-Stripe-Privileged-Session-Required',","metadata":{"emulator":{"name":"functions"},"function":{"name":"api"},"message":"\u001b[90m> \u001b[39m       'access-control-expose-headers': 'Request-Id, Stripe-Manage-Version, X-Stripe-External-Auth-Required, X-Stripe-Privileged-Session-Required',"}}
[info] >        'access-control-max-age': '300', {"user":"      'access-control-max-age': '300',","metadata":{"emulator":{"name":"functions"},"function":{"name":"api"},"message":"\u001b[90m> \u001b[39m       'access-control-max-age': '300',"}}
[info] >        'cache-control': 'no-cache, no-store', {"user":"      'cache-control': 'no-cache, no-store',","metadata":{"emulator":{"name":"functions"},"function":{"name":"api"},"message":"\u001b[90m> \u001b[39m       'cache-control': 'no-cache, no-store',"}}
[info] >        'request-id': 'req_5XWPkNoaa1owWp', {"user":"      'request-id': 'req_5XWPkNoaa1owWp',","metadata":{"emulator":{"name":"functions"},"function":{"name":"api"},"message":"\u001b[90m> \u001b[39m       'request-id': 'req_5XWPkNoaa1owWp',"}}
[info] >        'stripe-version': '2020-08-27', {"user":"      'stripe-version': '2020-08-27',","metadata":{"emulator":{"name":"functions"},"function":{"name":"api"},"message":"\u001b[90m> \u001b[39m       'stripe-version': '2020-08-27',"}}
[info] >        'x-stripe-c-cost': '0', {"user":"      'x-stripe-c-cost': '0',","metadata":{"emulator":{"name":"functions"},"function":{"name":"api"},"message":"\u001b[90m> \u001b[39m       'x-stripe-c-cost': '0',"}}
[info] >        'strict-transport-security': 'max-age=31556926; includeSubDomains; preload' {"user":"      'strict-transport-security': 'max-age=31556926; includeSubDomains; preload'","metadata":{"emulator":{"name":"functions"},"function":{"name":"api"},"message":"\u001b[90m> \u001b[39m       'strict-transport-security': 'max-age=31556926; includeSubDomains; preload'"}}
[info] >      }, {"user":"    },","metadata":{"emulator":{"name":"functions"},"function":{"name":"api"},"message":"\u001b[90m> \u001b[39m     },"}}
[info] >      statusCode: 400, {"user":"    statusCode: 400,","metadata":{"emulator":{"name":"functions"},"function":{"name":"api"},"message":"\u001b[90m> \u001b[39m     statusCode: 400,"}}
[info] >      requestId: 'req_5XWPkNoaa1owWp' {"user":"    requestId: 'req_5XWPkNoaa1owWp'","metadata":{"emulator":{"name":"functions"},"function":{"name":"api"},"message":"\u001b[90m> \u001b[39m     requestId: 'req_5XWPkNoaa1owWp'"}}
[info] >    }, {"user":"  },","metadata":{"emulator":{"name":"functions"},"function":{"name":"api"},"message":"\u001b[90m> \u001b[39m   },"}}
[info] >    rawType: 'invalid_request_error', {"user":"  rawType: 'invalid_request_error',","metadata":{"emulator":{"name":"functions"},"function":{"name":"api"},"message":"\u001b[90m> \u001b[39m   rawType: 'invalid_request_error',"}}
[info] >    code: 'parameter_invalid_integer', {"user":"  code: 'parameter_invalid_integer',","metadata":{"emulator":{"name":"functions"},"function":{"name":"api"},"message":"\u001b[90m> \u001b[39m   code: 'parameter_invalid_integer',"}}
[info] >    doc_url: 'https://stripe.com/docs/error-codes/parameter-invalid-integer', {"user":"  doc_url: 'https://stripe.com/docs/error-codes/parameter-invalid-integer',","metadata":{"emulator":{"name":"functions"},"function":{"name":"api"},"message":"\u001b[90m> \u001b[39m   doc_url: 'https://stripe.com/docs/error-codes/parameter-invalid-integer',"}}
[info] >    param: 'amount', {"user":"  param: 'amount',","metadata":{"emulator":{"name":"functions"},"function":{"name":"api"},"message":"\u001b[90m> \u001b[39m   param: 'amount',"}}
[info] >    detail: undefined, {"user":"  detail: undefined,","metadata":{"emulator":{"name":"functions"},"function":{"name":"api"},"message":"\u001b[90m> \u001b[39m   detail: undefined,"}}
[info] >    headers: { {"user":"  headers: {","metadata":{"emulator":{"name":"functions"},"function":{"name":"api"},"message":"\u001b[90m> \u001b[39m   headers: {"}}
[info] >      server: 'nginx', {"user":"    server: 'nginx',","metadata":{"emulator":{"name":"functions"},"function":{"name":"api"},"message":"\u001b[90m> \u001b[39m     server: 'nginx',"}}
[info] >      date: 'Wed, 17 Mar 2021 14:28:14 GMT', {"user":"    date: 'Wed, 17 Mar 2021 14:28:14 GMT',","metadata":{"emulator":{"name":"functions"},"function":{"name":"api"},"message":"\u001b[90m> \u001b[39m     date: 'Wed, 17 Mar 2021 14:28:14 GMT',"}}
[info] >      'content-type': 'application/json', {"user":"    'content-type': 'application/json',","metadata":{"emulator":{"name":"functions"},"function":{"name":"api"},"message":"\u001b[90m> \u001b[39m     'content-type': 'application/json',"}}
[info] >      'content-length': '266', {"user":"    'content-length': '266',","metadata":{"emulator":{"name":"functions"},"function":{"name":"api"},"message":"\u001b[90m> \u001b[39m     'content-length': '266',"}}
[info] >      connection: 'keep-alive', {"user":"    connection: 'keep-alive',","metadata":{"emulator":{"name":"functions"},"function":{"name":"api"},"message":"\u001b[90m> \u001b[39m     connection: 'keep-alive',"}}
[info] >      'access-control-allow-credentials': 'true', {"user":"    'access-control-allow-credentials': 'true',","metadata":{"emulator":{"name":"functions"},"function":{"name":"api"},"message":"\u001b[90m> \u001b[39m     'access-control-allow-credentials': 'true',"}}
[info] >      'access-control-allow-methods': 'GET, POST, HEAD, OPTIONS, DELETE', {"user":"    'access-control-allow-methods': 'GET, POST, HEAD, OPTIONS, DELETE',","metadata":{"emulator":{"name":"functions"},"function":{"name":"api"},"message":"\u001b[90m> \u001b[39m     'access-control-allow-methods': 'GET, POST, HEAD, OPTIONS, DELETE',"}}
[info] >      'access-control-allow-origin': '*', {"user":"    'access-control-allow-origin': '*',","metadata":{"emulator":{"name":"functions"},"function":{"name":"api"},"message":"\u001b[90m> \u001b[39m     'access-control-allow-origin': '*',"}}
[info] >      'access-control-expose-headers': 'Request-Id, Stripe-Manage-Version, X-Stripe-External-Auth-Required, X-Stripe-Privileged-Session-Required', {"user":"    'access-control-expose-headers': 'Request-Id, Stripe-Manage-Version, X-Stripe-External-Auth-Required, X-Stripe-Privileged-Session-Required',","metadata":{"emulator":{"name":"functions"},"function":{"name":"api"},"message":"\u001b[90m> \u001b[39m     'access-control-expose-headers': 'Request-Id, Stripe-Manage-Version, X-Stripe-External-Auth-Required, X-Stripe-Privileged-Session-Required',"}}
[info] >      'access-control-max-age': '300', {"user":"    'access-control-max-age': '300',","metadata":{"emulator":{"name":"functions"},"function":{"name":"api"},"message":"\u001b[90m> \u001b[39m     'access-control-max-age': '300',"}}
[info] >      'cache-control': 'no-cache, no-store', {"user":"    'cache-control': 'no-cache, no-store',","metadata":{"emulator":{"name":"functions"},"function":{"name":"api"},"message":"\u001b[90m> \u001b[39m     'cache-control': 'no-cache, no-store',"}}
[info] >      'request-id': 'req_5XWPkNoaa1owWp', {"user":"    'request-id': 'req_5XWPkNoaa1owWp',","metadata":{"emulator":{"name":"functions"},"function":{"name":"api"},"message":"\u001b[90m> \u001b[39m     'request-id': 'req_5XWPkNoaa1owWp',"}}
[info] >      'stripe-version': '2020-08-27', {"user":"    'stripe-version': '2020-08-27',","metadata":{"emulator":{"name":"functions"},"function":{"name":"api"},"message":"\u001b[90m> \u001b[39m     'stripe-version': '2020-08-27',"}}
[info] >      'x-stripe-c-cost': '0', {"user":"    'x-stripe-c-cost': '0',","metadata":{"emulator":{"name":"functions"},"function":{"name":"api"},"message":"\u001b[90m> \u001b[39m     'x-stripe-c-cost': '0',"}}
[info] >      'strict-transport-security': 'max-age=31556926; includeSubDomains; preload' {"user":"    'strict-transport-security': 'max-age=31556926; includeSubDomains; preload'","metadata":{"emulator":{"name":"functions"},"function":{"name":"api"},"message":"\u001b[90m> \u001b[39m     'strict-transport-security': 'max-age=31556926; includeSubDomains; preload'"}}
[info] >    }, {"user":"  },","metadata":{"emulator":{"name":"functions"},"function":{"name":"api"},"message":"\u001b[90m> \u001b[39m   },"}}
[info] >    requestId: 'req_5XWPkNoaa1owWp', {"user":"  requestId: 'req_5XWPkNoaa1owWp',","metadata":{"emulator":{"name":"functions"},"function":{"name":"api"},"message":"\u001b[90m> \u001b[39m   requestId: 'req_5XWPkNoaa1owWp',"}}
[info] >    statusCode: 400, {"user":"  statusCode: 400,","metadata":{"emulator":{"name":"functions"},"function":{"name":"api"},"message":"\u001b[90m> \u001b[39m   statusCode: 400,"}}
[info] >    charge: undefined, {"user":"  charge: undefined,","metadata":{"emulator":{"name":"functions"},"function":{"name":"api"},"message":"\u001b[90m> \u001b[39m   charge: undefined,"}}
[info] >    decline_code: undefined, {"user":"  decline_code: undefined,","metadata":{"emulator":{"name":"functions"},"function":{"name":"api"},"message":"\u001b[90m> \u001b[39m   decline_code: undefined,"}}
[info] >    payment_intent: undefined, {"user":"  payment_intent: undefined,","metadata":{"emulator":{"name":"functions"},"function":{"name":"api"},"message":"\u001b[90m> \u001b[39m   payment_intent: undefined,"}}
[info] >    payment_method: undefined, {"user":"  payment_method: undefined,","metadata":{"emulator":{"name":"functions"},"function":{"name":"api"},"message":"\u001b[90m> \u001b[39m   payment_method: undefined,"}}
[info] >    payment_method_type: undefined, {"user":"  payment_method_type: undefined,","metadata":{"emulator":{"name":"functions"},"function":{"name":"api"},"message":"\u001b[90m> \u001b[39m   payment_method_type: undefined,"}}
[info] >    setup_intent: undefined, {"user":"  setup_intent: undefined,","metadata":{"emulator":{"name":"functions"},"function":{"name":"api"},"message":"\u001b[90m> \u001b[39m   setup_intent: undefined,"}}
[info] >    source: undefined {"user":"  source: undefined","metadata":{"emulator":{"name":"functions"},"function":{"name":"api"},"message":"\u001b[90m> \u001b[39m   source: undefined"}}
[info] >  } {"user":"}","metadata":{"emulator":{"name":"functions"},"function":{"name":"api"},"message":"\u001b[90m> \u001b[39m }"}}
[debug] [2021-03-17T14:28:14.085Z] [worker-api-d8d3bda4-d6e4-45ea-b54a-8d3d7b7a3d9f]: exited {"metadata":{"emulator":{"name":"functions"},"message":"[worker-api-d8d3bda4-d6e4-45ea-b54a-8d3d7b7a3d9f]: exited"}}
[debug] [2021-03-17T14:28:14.085Z] [worker-api-d8d3bda4-d6e4-45ea-b54a-8d3d7b7a3d9f]: FINISHED {"metadata":{"emulator":{"name":"functions"},"message":"[worker-api-d8d3bda4-d6e4-45ea-b54a-8d3d7b7a3d9f]: FINISHED"}}
[debug] [2021-03-17T14:28:14.085Z] [work-queue] {"queueLength":0,"workRunningCount":0}
[debug] [2021-03-17T15:31:32.449Z] [work-queue] {"queueLength":1,"workRunningCount":0}
[debug] [2021-03-17T15:31:32.449Z] [work-queue] {"queueLength":0,"workRunningCount":1}
[debug] [2021-03-17T15:31:32.449Z] Accepted request POST /clone-2d1c5/us-central1/api/payments/create?total=49999 --> api
[debug] [2021-03-17T15:31:32.449Z] [worker-pool] Cleaned up workers for api: 1 --> 0 {"metadata":{"emulator":{"name":"functions"},"message":"[worker-pool] Cleaned up workers for api: 1 --> 0"}}
[debug] [2021-03-17T15:31:32.453Z] [worker-pool] addWorker(api) {"metadata":{"emulator":{"name":"functions"},"message":"[worker-pool] addWorker(api)"}}
[debug] [2021-03-17T15:31:32.454Z] [worker-pool] Adding worker with key api, total=1 {"metadata":{"emulator":{"name":"functions"},"message":"[worker-pool] Adding worker with key api, total=1"}}
[debug] [2021-03-17T15:31:32.454Z] [worker-pool] submitWork(triggerId=api) {"metadata":{"emulator":{"name":"functions"},"message":"[worker-pool] submitWork(triggerId=api)"}}
[debug] [2021-03-17T15:31:32.454Z] [worker-api-278fc6e3-554c-4fa7-bedd-dd01428caaec]: Assigning socketPath: /var/folders/ct/2c9_xzq908x9vnxmxjrydb440000gn/T/fire_emu_44610.sock {"metadata":{"emulator":{"name":"functions"},"message":"[worker-api-278fc6e3-554c-4fa7-bedd-dd01428caaec]: Assigning socketPath: /var/folders/ct/2c9_xzq908x9vnxmxjrydb440000gn/T/fire_emu_44610.sock"}}
[debug] [2021-03-17T15:31:32.454Z] [worker-api-278fc6e3-554c-4fa7-bedd-dd01428caaec]: BUSY {"metadata":{"emulator":{"name":"functions"},"message":"[worker-api-278fc6e3-554c-4fa7-bedd-dd01428caaec]: BUSY"}}
[debug] [2021-03-17T15:31:32.575Z] [runtime-status] [44610] Functions runtime initialized. {"cwd":"/Users/bobbyreay/Projects/ReactProjects/amazon-clone/functions","node_version":"15.11.0"} {"metadata":{"emulator":{"name":"functions"},"function":{"name":"api"},"message":"[runtime-status] [44610] Functions runtime initialized. {\"cwd\":\"/Users/bobbyreay/Projects/ReactProjects/amazon-clone/functions\",\"node_version\":\"15.11.0\"}"}}
[debug] [2021-03-17T15:31:32.576Z] [runtime-status] [44610] Disabled runtime features: undefined {"metadata":{"emulator":{"name":"functions"},"function":{"name":"api"},"message":"[runtime-status] [44610] Disabled runtime features: undefined"}}
[debug] [2021-03-17T15:31:32.578Z] [runtime-status] [44610] Resolved module firebase-admin {"declared":true,"installed":true,"version":"9.5.0","resolution":"/Users/bobbyreay/Projects/ReactProjects/amazon-clone/functions/node_modules/firebase-admin/lib/index.js"} {"metadata":{"emulator":{"name":"functions"},"function":{"name":"api"},"message":"[runtime-status] [44610] Resolved module firebase-admin {\"declared\":true,\"installed\":true,\"version\":\"9.5.0\",\"resolution\":\"/Users/bobbyreay/Projects/ReactProjects/amazon-clone/functions/node_modules/firebase-admin/lib/index.js\"}"}}
[debug] [2021-03-17T15:31:32.579Z] [runtime-status] [44610] Resolved module firebase-functions {"declared":true,"installed":true,"version":"3.13.2","resolution":"/Users/bobbyreay/Projects/ReactProjects/amazon-clone/functions/node_modules/firebase-functions/lib/index.js"} {"metadata":{"emulator":{"name":"functions"},"function":{"name":"api"},"message":"[runtime-status] [44610] Resolved module firebase-functions {\"declared\":true,\"installed\":true,\"version\":\"3.13.2\",\"resolution\":\"/Users/bobbyreay/Projects/ReactProjects/amazon-clone/functions/node_modules/firebase-functions/lib/index.js\"}"}}
[debug] [2021-03-17T15:31:32.581Z] [runtime-status] [44610] Resolved module firebase-functions {"declared":true,"installed":true,"version":"3.13.2","resolution":"/Users/bobbyreay/Projects/ReactProjects/amazon-clone/functions/node_modules/firebase-functions/lib/index.js"} {"metadata":{"emulator":{"name":"functions"},"function":{"name":"api"},"message":"[runtime-status] [44610] Resolved module firebase-functions {\"declared\":true,\"installed\":true,\"version\":\"3.13.2\",\"resolution\":\"/Users/bobbyreay/Projects/ReactProjects/amazon-clone/functions/node_modules/firebase-functions/lib/index.js\"}"}}
[debug] [2021-03-17T15:31:32.582Z] [runtime-status] [44610] Outgoing network have been stubbed. [{"name":"http","status":"mocked"},{"name":"http","status":"mocked"},{"name":"https","status":"mocked"},{"name":"https","status":"mocked"},{"name":"net","status":"mocked"}] {"metadata":{"emulator":{"name":"functions"},"function":{"name":"api"},"message":"[runtime-status] [44610] Outgoing network have been stubbed. [{\"name\":\"http\",\"status\":\"mocked\"},{\"name\":\"http\",\"status\":\"mocked\"},{\"name\":\"https\",\"status\":\"mocked\"},{\"name\":\"https\",\"status\":\"mocked\"},{\"name\":\"net\",\"status\":\"mocked\"}]"}}
[debug] [2021-03-17T15:31:32.583Z] [runtime-status] [44610] Resolved module firebase-functions {"declared":true,"installed":true,"version":"3.13.2","resolution":"/Users/bobbyreay/Projects/ReactProjects/amazon-clone/functions/node_modules/firebase-functions/lib/index.js"} {"metadata":{"emulator":{"name":"functions"},"function":{"name":"api"},"message":"[runtime-status] [44610] Resolved module firebase-functions {\"declared\":true,\"installed\":true,\"version\":\"3.13.2\",\"resolution\":\"/Users/bobbyreay/Projects/ReactProjects/amazon-clone/functions/node_modules/firebase-functions/lib/index.js\"}"}}
[debug] [2021-03-17T15:31:32.616Z] [runtime-status] [44610] Checked functions.config() {"config":{}} {"metadata":{"emulator":{"name":"functions"},"function":{"name":"api"},"message":"[runtime-status] [44610] Checked functions.config() {\"config\":{}}"}}
[debug] [2021-03-17T15:31:32.617Z] [runtime-status] [44610] firebase-functions has been stubbed. {"functionsResolution":{"declared":true,"installed":true,"version":"3.13.2","resolution":"/Users/bobbyreay/Projects/ReactProjects/amazon-clone/functions/node_modules/firebase-functions/lib/index.js"}} {"metadata":{"emulator":{"name":"functions"},"function":{"name":"api"},"message":"[runtime-status] [44610] firebase-functions has been stubbed. {\"functionsResolution\":{\"declared\":true,\"installed\":true,\"version\":\"3.13.2\",\"resolution\":\"/Users/bobbyreay/Projects/ReactProjects/amazon-clone/functions/node_modules/firebase-functions/lib/index.js\"}}"}}
[debug] [2021-03-17T15:31:32.617Z] [runtime-status] [44610] Resolved module firebase-functions {"declared":true,"installed":true,"version":"3.13.2","resolution":"/Users/bobbyreay/Projects/ReactProjects/amazon-clone/functions/node_modules/firebase-functions/lib/index.js"} {"metadata":{"emulator":{"name":"functions"},"function":{"name":"api"},"message":"[runtime-status] [44610] Resolved module firebase-functions {\"declared\":true,\"installed\":true,\"version\":\"3.13.2\",\"resolution\":\"/Users/bobbyreay/Projects/ReactProjects/amazon-clone/functions/node_modules/firebase-functions/lib/index.js\"}"}}
[debug] [2021-03-17T15:31:32.618Z] [runtime-status] [44610] Resolved module firebase-admin {"declared":true,"installed":true,"version":"9.5.0","resolution":"/Users/bobbyreay/Projects/ReactProjects/amazon-clone/functions/node_modules/firebase-admin/lib/index.js"} {"metadata":{"emulator":{"name":"functions"},"function":{"name":"api"},"message":"[runtime-status] [44610] Resolved module firebase-admin {\"declared\":true,\"installed\":true,\"version\":\"9.5.0\",\"resolution\":\"/Users/bobbyreay/Projects/ReactProjects/amazon-clone/functions/node_modules/firebase-admin/lib/index.js\"}"}}
[debug] [2021-03-17T15:31:32.618Z] [runtime-status] [44610] Resolved module firebase-functions {"declared":true,"installed":true,"version":"3.13.2","resolution":"/Users/bobbyreay/Projects/ReactProjects/amazon-clone/functions/node_modules/firebase-functions/lib/index.js"} {"metadata":{"emulator":{"name":"functions"},"function":{"name":"api"},"message":"[runtime-status] [44610] Resolved module firebase-functions {\"declared\":true,\"installed\":true,\"version\":\"3.13.2\",\"resolution\":\"/Users/bobbyreay/Projects/ReactProjects/amazon-clone/functions/node_modules/firebase-functions/lib/index.js\"}"}}
[debug] [2021-03-17T15:31:32.618Z] [runtime-status] [44610] firebase-admin has been stubbed. {"adminResolution":{"declared":true,"installed":true,"version":"9.5.0","resolution":"/Users/bobbyreay/Projects/ReactProjects/amazon-clone/functions/node_modules/firebase-admin/lib/index.js"}} {"metadata":{"emulator":{"name":"functions"},"function":{"name":"api"},"message":"[runtime-status] [44610] firebase-admin has been stubbed. {\"adminResolution\":{\"declared\":true,\"installed\":true,\"version\":\"9.5.0\",\"resolution\":\"/Users/bobbyreay/Projects/ReactProjects/amazon-clone/functions/node_modules/firebase-admin/lib/index.js\"}}"}}
[debug] [2021-03-17T15:31:32.692Z] [runtime-status] [44610] Trigger "api" has been found, beginning invocation! {"metadata":{"emulator":{"name":"functions"},"function":{"name":"api"},"message":"[runtime-status] [44610] Trigger \"api\" has been found, beginning invocation!"}}
[info] i  functions: Beginning execution of "api" {"metadata":{"emulator":{"name":"functions"},"function":{"name":"api"},"message":"Beginning execution of \"api\""}}
[debug] [2021-03-17T15:31:32.692Z] [runtime-status] [44610] triggerDefinition {"httpsTrigger":{},"name":"api","entryPoint":"api"} {"metadata":{"emulator":{"name":"functions"},"function":{"name":"api"},"message":"[runtime-status] [44610] triggerDefinition {\"httpsTrigger\":{},\"name\":\"api\",\"entryPoint\":\"api\"}"}}
[debug] [2021-03-17T15:31:32.693Z] [runtime-status] [44610] Running api in mode HTTPS {"metadata":{"emulator":{"name":"functions"},"function":{"name":"api"},"message":"[runtime-status] [44610] Running api in mode HTTPS"}}
[debug] [2021-03-17T15:31:32.695Z] [runtime-status] [44610] Attempting to listen to socketPath: /var/folders/ct/2c9_xzq908x9vnxmxjrydb440000gn/T/fire_emu_44610.sock {"metadata":{"emulator":{"name":"functions"},"function":{"name":"api"},"message":"[runtime-status] [44610] Attempting to listen to socketPath: /var/folders/ct/2c9_xzq908x9vnxmxjrydb440000gn/T/fire_emu_44610.sock"}}
[debug] [2021-03-17T15:31:32.697Z] [functions] Runtime ready! Sending request! {"metadata":{"emulator":{"name":"functions"},"message":"[functions] Runtime ready! Sending request!"}}
[debug] [2021-03-17T15:31:32.697Z] [functions] Got req.url=/clone-2d1c5/us-central1/api/payments/create?total=49999, mapping to path=/payments/create?total=49999 {"metadata":{"emulator":{"name":"functions"},"message":"[functions] Got req.url=/clone-2d1c5/us-central1/api/payments/create?total=49999, mapping to path=/payments/create?total=49999"}}
[debug] [2021-03-17T15:31:32.703Z] [runtime-status] [44610] Ephemeral server handling POST request {"metadata":{"emulator":{"name":"functions"},"function":{"name":"api"},"message":"[runtime-status] [44610] Ephemeral server handling POST request"}}
[info] >  Payment Request Recieved, POW!!! For this amount:  49999 {"user":"Payment Request Recieved, POW!!! For this amount:  49999","metadata":{"emulator":{"name":"functions"},"function":{"name":"api"},"message":"\u001b[90m> \u001b[39m Payment Request Recieved, POW!!! For this amount:  49999"}}
[debug] [2021-03-17T15:31:32.719Z] [runtime-status] [44610] Ephemeral server survived. {"metadata":{"emulator":{"name":"functions"},"function":{"name":"api"},"message":"[runtime-status] [44610] Ephemeral server survived."}}
[info] i  functions: Finished "api" in ~1s {"metadata":{"emulator":{"name":"functions"},"function":{"name":"api"},"message":"Finished \"api\" in ~1s"}}
[debug] [2021-03-17T15:31:33.069Z] [worker-api-278fc6e3-554c-4fa7-bedd-dd01428caaec]: IDLE {"metadata":{"emulator":{"name":"functions"},"message":"[worker-api-278fc6e3-554c-4fa7-bedd-dd01428caaec]: IDLE"}}
[debug] [2021-03-17T15:31:33.069Z] [work-queue] {"queueLength":0,"workRunningCount":0}
[debug] [2021-03-17T15:32:35.665Z] [work-queue] {"queueLength":1,"workRunningCount":0}
[debug] [2021-03-17T15:32:35.665Z] [work-queue] {"queueLength":0,"workRunningCount":1}
[debug] [2021-03-17T15:32:35.666Z] Accepted request POST /clone-2d1c5/us-central1/api/payments/create?total=49999 --> api
[debug] [2021-03-17T15:32:35.666Z] [worker-pool] submitWork(triggerId=api) {"metadata":{"emulator":{"name":"functions"},"message":"[worker-pool] submitWork(triggerId=api)"}}
[debug] [2021-03-17T15:32:35.666Z] [worker-api-278fc6e3-554c-4fa7-bedd-dd01428caaec]: Assigning socketPath: /var/folders/ct/2c9_xzq908x9vnxmxjrydb440000gn/T/fire_emu_44610.sock {"metadata":{"emulator":{"name":"functions"},"message":"[worker-api-278fc6e3-554c-4fa7-bedd-dd01428caaec]: Assigning socketPath: /var/folders/ct/2c9_xzq908x9vnxmxjrydb440000gn/T/fire_emu_44610.sock"}}
[debug] [2021-03-17T15:32:35.666Z] [worker-api-278fc6e3-554c-4fa7-bedd-dd01428caaec]: BUSY {"metadata":{"emulator":{"name":"functions"},"message":"[worker-api-278fc6e3-554c-4fa7-bedd-dd01428caaec]: BUSY"}}
[debug] [2021-03-17T15:32:35.666Z] [runtime-status] [44610] Trigger "api" has been found, beginning invocation! {"metadata":{"emulator":{"name":"functions"},"function":{"name":"api"},"message":"[runtime-status] [44610] Trigger \"api\" has been found, beginning invocation!"}}
[info] i  functions: Beginning execution of "api" {"metadata":{"emulator":{"name":"functions"},"function":{"name":"api"},"message":"Beginning execution of \"api\""}}
[debug] [2021-03-17T15:32:35.667Z] [runtime-status] [44610] triggerDefinition {"httpsTrigger":{},"name":"api","entryPoint":"api"} {"metadata":{"emulator":{"name":"functions"},"function":{"name":"api"},"message":"[runtime-status] [44610] triggerDefinition {\"httpsTrigger\":{},\"name\":\"api\",\"entryPoint\":\"api\"}"}}
[debug] [2021-03-17T15:32:35.667Z] [runtime-status] [44610] Running api in mode HTTPS {"metadata":{"emulator":{"name":"functions"},"function":{"name":"api"},"message":"[runtime-status] [44610] Running api in mode HTTPS"}}
[debug] [2021-03-17T15:32:35.668Z] [runtime-status] [44610] Attempting to listen to socketPath: /var/folders/ct/2c9_xzq908x9vnxmxjrydb440000gn/T/fire_emu_44610.sock {"metadata":{"emulator":{"name":"functions"},"function":{"name":"api"},"message":"[runtime-status] [44610] Attempting to listen to socketPath: /var/folders/ct/2c9_xzq908x9vnxmxjrydb440000gn/T/fire_emu_44610.sock"}}
[debug] [2021-03-17T15:32:35.668Z] [functions] Runtime ready! Sending request! {"metadata":{"emulator":{"name":"functions"},"message":"[functions] Runtime ready! Sending request!"}}
[debug] [2021-03-17T15:32:35.668Z] [functions] Got req.url=/clone-2d1c5/us-central1/api/payments/create?total=49999, mapping to path=/payments/create?total=49999 {"metadata":{"emulator":{"name":"functions"},"message":"[functions] Got req.url=/clone-2d1c5/us-central1/api/payments/create?total=49999, mapping to path=/payments/create?total=49999"}}
[debug] [2021-03-17T15:32:35.671Z] [runtime-status] [44610] Ephemeral server handling POST request {"metadata":{"emulator":{"name":"functions"},"function":{"name":"api"},"message":"[runtime-status] [44610] Ephemeral server handling POST request"}}
[info] >  Payment Request Recieved, POW!!! For this amount:  49999 {"user":"Payment Request Recieved, POW!!! For this amount:  49999","metadata":{"emulator":{"name":"functions"},"function":{"name":"api"},"message":"\u001b[90m> \u001b[39m Payment Request Recieved, POW!!! For this amount:  49999"}}
[debug] [2021-03-17T15:32:35.672Z] [runtime-status] [44610] Ephemeral server survived. {"metadata":{"emulator":{"name":"functions"},"function":{"name":"api"},"message":"[runtime-status] [44610] Ephemeral server survived."}}
[info] i  functions: Finished "api" in ~1s {"metadata":{"emulator":{"name":"functions"},"function":{"name":"api"},"message":"Finished \"api\" in ~1s"}}
[debug] [2021-03-17T15:32:36.005Z] [worker-api-278fc6e3-554c-4fa7-bedd-dd01428caaec]: IDLE {"metadata":{"emulator":{"name":"functions"},"message":"[worker-api-278fc6e3-554c-4fa7-bedd-dd01428caaec]: IDLE"}}
[debug] [2021-03-17T15:32:36.005Z] [work-queue] {"queueLength":0,"workRunningCount":0}
[debug] [2021-03-17T15:33:12.270Z] [work-queue] {"queueLength":1,"workRunningCount":0}
[debug] [2021-03-17T15:33:12.270Z] [work-queue] {"queueLength":0,"workRunningCount":1}
[debug] [2021-03-17T15:33:12.270Z] Accepted request POST /clone-2d1c5/us-central1/api/payments/create?total=49999 --> api
[debug] [2021-03-17T15:33:12.270Z] [worker-pool] submitWork(triggerId=api) {"metadata":{"emulator":{"name":"functions"},"message":"[worker-pool] submitWork(triggerId=api)"}}
[debug] [2021-03-17T15:33:12.270Z] [worker-api-278fc6e3-554c-4fa7-bedd-dd01428caaec]: Assigning socketPath: /var/folders/ct/2c9_xzq908x9vnxmxjrydb440000gn/T/fire_emu_44610.sock {"metadata":{"emulator":{"name":"functions"},"message":"[worker-api-278fc6e3-554c-4fa7-bedd-dd01428caaec]: Assigning socketPath: /var/folders/ct/2c9_xzq908x9vnxmxjrydb440000gn/T/fire_emu_44610.sock"}}
[debug] [2021-03-17T15:33:12.270Z] [worker-api-278fc6e3-554c-4fa7-bedd-dd01428caaec]: BUSY {"metadata":{"emulator":{"name":"functions"},"message":"[worker-api-278fc6e3-554c-4fa7-bedd-dd01428caaec]: BUSY"}}
[debug] [2021-03-17T15:33:12.271Z] [runtime-status] [44610] Trigger "api" has been found, beginning invocation! {"metadata":{"emulator":{"name":"functions"},"function":{"name":"api"},"message":"[runtime-status] [44610] Trigger \"api\" has been found, beginning invocation!"}}
[info] i  functions: Beginning execution of "api" {"metadata":{"emulator":{"name":"functions"},"function":{"name":"api"},"message":"Beginning execution of \"api\""}}
[debug] [2021-03-17T15:33:12.271Z] [runtime-status] [44610] triggerDefinition {"httpsTrigger":{},"name":"api","entryPoint":"api"} {"metadata":{"emulator":{"name":"functions"},"function":{"name":"api"},"message":"[runtime-status] [44610] triggerDefinition {\"httpsTrigger\":{},\"name\":\"api\",\"entryPoint\":\"api\"}"}}
[debug] [2021-03-17T15:33:12.271Z] [runtime-status] [44610] Running api in mode HTTPS {"metadata":{"emulator":{"name":"functions"},"function":{"name":"api"},"message":"[runtime-status] [44610] Running api in mode HTTPS"}}
[debug] [2021-03-17T15:33:12.271Z] [runtime-status] [44610] Attempting to listen to socketPath: /var/folders/ct/2c9_xzq908x9vnxmxjrydb440000gn/T/fire_emu_44610.sock {"metadata":{"emulator":{"name":"functions"},"function":{"name":"api"},"message":"[runtime-status] [44610] Attempting to listen to socketPath: /var/folders/ct/2c9_xzq908x9vnxmxjrydb440000gn/T/fire_emu_44610.sock"}}
[debug] [2021-03-17T15:33:12.272Z] [functions] Runtime ready! Sending request! {"metadata":{"emulator":{"name":"functions"},"message":"[functions] Runtime ready! Sending request!"}}
[debug] [2021-03-17T15:33:12.272Z] [functions] Got req.url=/clone-2d1c5/us-central1/api/payments/create?total=49999, mapping to path=/payments/create?total=49999 {"metadata":{"emulator":{"name":"functions"},"message":"[functions] Got req.url=/clone-2d1c5/us-central1/api/payments/create?total=49999, mapping to path=/payments/create?total=49999"}}
[debug] [2021-03-17T15:33:12.276Z] [runtime-status] [44610] Ephemeral server handling POST request {"metadata":{"emulator":{"name":"functions"},"function":{"name":"api"},"message":"[runtime-status] [44610] Ephemeral server handling POST request"}}
[info] >  Payment Request Recieved, POW!!! For this amount:  49999 {"user":"Payment Request Recieved, POW!!! For this amount:  49999","metadata":{"emulator":{"name":"functions"},"function":{"name":"api"},"message":"\u001b[90m> \u001b[39m Payment Request Recieved, POW!!! For this amount:  49999"}}
[debug] [2021-03-17T15:33:12.277Z] [runtime-status] [44610] Ephemeral server survived. {"metadata":{"emulator":{"name":"functions"},"function":{"name":"api"},"message":"[runtime-status] [44610] Ephemeral server survived."}}
[info] i  functions: Finished "api" in ~1s {"metadata":{"emulator":{"name":"functions"},"function":{"name":"api"},"message":"Finished \"api\" in ~1s"}}
[debug] [2021-03-17T15:33:12.544Z] [worker-api-278fc6e3-554c-4fa7-bedd-dd01428caaec]: IDLE {"metadata":{"emulator":{"name":"functions"},"message":"[worker-api-278fc6e3-554c-4fa7-bedd-dd01428caaec]: IDLE"}}
[debug] [2021-03-17T15:33:12.544Z] [work-queue] {"queueLength":0,"workRunningCount":0}
