[debug] [2021-03-17T15:51:57.503Z] ----------------------------------------------------------------------
[debug] [2021-03-17T15:51:57.505Z] Command:       /usr/local/Cellar/node/15.11.0/bin/node /usr/local/bin/firebase deploy
[debug] [2021-03-17T15:51:57.505Z] CLI Version:   9.6.1
[debug] [2021-03-17T15:51:57.505Z] Platform:      darwin
[debug] [2021-03-17T15:51:57.505Z] Node Version:  v15.11.0
[debug] [2021-03-17T15:51:57.506Z] Time:          Wed Mar 17 2021 11:51:57 GMT-0400 (Eastern Daylight Time)
[debug] [2021-03-17T15:51:57.506Z] ----------------------------------------------------------------------
[debug] [2021-03-17T15:51:57.506Z] 
[debug] [2021-03-17T15:51:57.511Z] > command requires scopes: ["email","openid","https://www.googleapis.com/auth/cloudplatformprojects.readonly","https://www.googleapis.com/auth/firebase","https://www.googleapis.com/auth/cloud-platform"]
[debug] [2021-03-17T15:51:57.511Z] > authorizing via signed-in user
[debug] [2021-03-17T15:51:57.512Z] [iam] checking project clone-2d1c5 for permissions ["cloudfunctions.functions.create","cloudfunctions.functions.delete","cloudfunctions.functions.get","cloudfunctions.functions.list","cloudfunctions.functions.update","cloudfunctions.operations.get","firebase.projects.get","firebasehosting.sites.update"]
[debug] [2021-03-17T15:51:57.513Z] >>> HTTP REQUEST POST https://cloudresourcemanager.googleapis.com/v1/projects/clone-2d1c5:testIamPermissions  
 {"permissions":["cloudfunctions.functions.create","cloudfunctions.functions.delete","cloudfunctions.functions.get","cloudfunctions.functions.list","cloudfunctions.functions.update","cloudfunctions.operations.get","firebase.projects.get","firebasehosting.sites.update"]}
[debug] [2021-03-17T15:51:57.606Z] <<< HTTP RESPONSE 200 {"content-type":"application/json; charset=UTF-8","vary":"X-Origin, Referer, Origin,Accept-Encoding","date":"Wed, 17 Mar 2021 15:51:57 GMT","server":"ESF","cache-control":"private","x-xss-protection":"0","x-frame-options":"SAMEORIGIN","x-content-type-options":"nosniff","server-timing":"gfet4t7; dur=36","alt-svc":"h3-29=\":443\"; ma=2592000,h3-T051=\":443\"; ma=2592000,h3-Q050=\":443\"; ma=2592000,h3-Q046=\":443\"; ma=2592000,h3-Q043=\":443\"; ma=2592000,quic=\":443\"; ma=2592000; v=\"46,43\"","accept-ranges":"none","transfer-encoding":"chunked"}
[debug] [2021-03-17T15:51:57.608Z] >>> HTTP REQUEST POST https://iam.googleapis.com/v1/projects/clone-2d1c5/serviceAccounts/clone-2d1c5@appspot.gserviceaccount.com:testIamPermissions  
 {"permissions":["iam.serviceAccounts.actAs"]}
[debug] [2021-03-17T15:51:57.682Z] <<< HTTP RESPONSE 200 {"content-type":"application/json; charset=UTF-8","vary":"X-Origin, Referer, Origin,Accept-Encoding","date":"Wed, 17 Mar 2021 15:51:57 GMT","server":"ESF","cache-control":"private","x-xss-protection":"0","x-frame-options":"SAMEORIGIN","x-content-type-options":"nosniff","alt-svc":"h3-29=\":443\"; ma=2592000,h3-T051=\":443\"; ma=2592000,h3-Q050=\":443\"; ma=2592000,h3-Q046=\":443\"; ma=2592000,h3-Q043=\":443\"; ma=2592000,quic=\":443\"; ma=2592000; v=\"46,43\"","accept-ranges":"none","transfer-encoding":"chunked"}
[debug] [2021-03-17T15:51:57.683Z] > refreshing access token with scopes: []
[debug] [2021-03-17T15:51:57.683Z] >>> HTTP REQUEST POST https://www.googleapis.com/oauth2/v3/token  
 <request body omitted>
[debug] [2021-03-17T15:51:57.786Z] <<< HTTP RESPONSE 200 {"pragma":"no-cache","cache-control":"no-cache, no-store, max-age=0, must-revalidate","expires":"Mon, 01 Jan 1990 00:00:00 GMT","date":"Wed, 17 Mar 2021 15:51:57 GMT","content-type":"application/json; charset=utf-8","vary":"X-Origin, Referer, Origin,Accept-Encoding","server":"scaffolding on HTTPServer2","x-xss-protection":"0","x-frame-options":"SAMEORIGIN","x-content-type-options":"nosniff","alt-svc":"h3-29=\":443\"; ma=2592000,h3-T051=\":443\"; ma=2592000,h3-Q050=\":443\"; ma=2592000,h3-Q046=\":443\"; ma=2592000,h3-Q043=\":443\"; ma=2592000,quic=\":443\"; ma=2592000; v=\"46,43\"","accept-ranges":"none","transfer-encoding":"chunked"}
[debug] [2021-03-17T15:51:57.817Z] >>> [apiv2][query] GET https://firebase.googleapis.com/v1beta1/projects/clone-2d1c5 [none]
[debug] [2021-03-17T15:51:57.982Z] <<< [apiv2][status] GET https://firebase.googleapis.com/v1beta1/projects/clone-2d1c5 200
[debug] [2021-03-17T15:51:57.982Z] <<< [apiv2][body] GET https://firebase.googleapis.com/v1beta1/projects/clone-2d1c5 {"projectId":"clone-2d1c5","projectNumber":"410859183865","displayName":"amazon-clone","name":"projects/clone-2d1c5","resources":{"hostingSite":"clone-2d1c5","storageBucket":"clone-2d1c5.appspot.com","locationId":"us-east1"},"state":"ACTIVE"}
[info] 
[info] === Deploying to 'clone-2d1c5'...
[info] 
[info] i  deploying functions, hosting 
[info] i  functions: ensuring required API cloudfunctions.googleapis.com is enabled... 
[debug] [2021-03-17T15:51:59.256Z] > refreshing access token with scopes: ["email","https://www.googleapis.com/auth/cloud-platform","https://www.googleapis.com/auth/cloudplatformprojects.readonly","https://www.googleapis.com/auth/firebase","openid"]
[debug] [2021-03-17T15:51:59.256Z] >>> HTTP REQUEST POST https://www.googleapis.com/oauth2/v3/token  
 <request body omitted>
[debug] [2021-03-17T15:51:59.257Z] > refreshing access token with scopes: ["email","https://www.googleapis.com/auth/cloud-platform","https://www.googleapis.com/auth/cloudplatformprojects.readonly","https://www.googleapis.com/auth/firebase","openid"]
[debug] [2021-03-17T15:51:59.257Z] >>> HTTP REQUEST POST https://www.googleapis.com/oauth2/v3/token  
 <request body omitted>
[info] i  functions: ensuring required API cloudbuild.googleapis.com is enabled... 
[debug] [2021-03-17T15:51:59.257Z] > refreshing access token with scopes: ["email","https://www.googleapis.com/auth/cloud-platform","https://www.googleapis.com/auth/cloudplatformprojects.readonly","https://www.googleapis.com/auth/firebase","openid"]
[debug] [2021-03-17T15:51:59.257Z] >>> HTTP REQUEST POST https://www.googleapis.com/oauth2/v3/token  
 <request body omitted>
[debug] [2021-03-17T15:51:59.311Z] <<< HTTP RESPONSE 200 {"expires":"Mon, 01 Jan 1990 00:00:00 GMT","cache-control":"no-cache, no-store, max-age=0, must-revalidate","date":"Wed, 17 Mar 2021 15:51:59 GMT","pragma":"no-cache","content-type":"application/json; charset=utf-8","vary":"X-Origin, Referer, Origin,Accept-Encoding","server":"scaffolding on HTTPServer2","x-xss-protection":"0","x-frame-options":"SAMEORIGIN","x-content-type-options":"nosniff","alt-svc":"h3-29=\":443\"; ma=2592000,h3-T051=\":443\"; ma=2592000,h3-Q050=\":443\"; ma=2592000,h3-Q046=\":443\"; ma=2592000,h3-Q043=\":443\"; ma=2592000,quic=\":443\"; ma=2592000; v=\"46,43\"","accept-ranges":"none","transfer-encoding":"chunked"}
[debug] [2021-03-17T15:51:59.340Z] >>> HTTP REQUEST GET https://serviceusage.googleapis.com/v1/projects/clone-2d1c5/services/cloudbuild.googleapis.com  
 
[debug] [2021-03-17T15:51:59.343Z] <<< HTTP RESPONSE 200 {"pragma":"no-cache","cache-control":"no-cache, no-store, max-age=0, must-revalidate","expires":"Mon, 01 Jan 1990 00:00:00 GMT","date":"Wed, 17 Mar 2021 15:51:59 GMT","content-type":"application/json; charset=utf-8","vary":"X-Origin, Referer, Origin,Accept-Encoding","server":"scaffolding on HTTPServer2","x-xss-protection":"0","x-frame-options":"SAMEORIGIN","x-content-type-options":"nosniff","alt-svc":"h3-29=\":443\"; ma=2592000,h3-T051=\":443\"; ma=2592000,h3-Q050=\":443\"; ma=2592000,h3-Q046=\":443\"; ma=2592000,h3-Q043=\":443\"; ma=2592000,quic=\":443\"; ma=2592000; v=\"46,43\"","accept-ranges":"none","transfer-encoding":"chunked"}
[debug] [2021-03-17T15:51:59.371Z] >>> HTTP REQUEST GET https://serviceusage.googleapis.com/v1/projects/clone-2d1c5/services/runtimeconfig.googleapis.com  
 
[debug] [2021-03-17T15:51:59.372Z] <<< HTTP RESPONSE 200 {"expires":"Mon, 01 Jan 1990 00:00:00 GMT","cache-control":"no-cache, no-store, max-age=0, must-revalidate","date":"Wed, 17 Mar 2021 15:51:59 GMT","pragma":"no-cache","content-type":"application/json; charset=utf-8","vary":"X-Origin, Referer, Origin,Accept-Encoding","server":"scaffolding on HTTPServer2","x-xss-protection":"0","x-frame-options":"SAMEORIGIN","x-content-type-options":"nosniff","alt-svc":"h3-29=\":443\"; ma=2592000,h3-T051=\":443\"; ma=2592000,h3-Q050=\":443\"; ma=2592000,h3-Q046=\":443\"; ma=2592000,h3-Q043=\":443\"; ma=2592000,quic=\":443\"; ma=2592000; v=\"46,43\"","accept-ranges":"none","transfer-encoding":"chunked"}
[debug] [2021-03-17T15:51:59.400Z] >>> HTTP REQUEST GET https://serviceusage.googleapis.com/v1/projects/clone-2d1c5/services/cloudfunctions.googleapis.com  
 
[debug] [2021-03-17T15:51:59.785Z] <<< HTTP RESPONSE 200 {"content-type":"application/json; charset=UTF-8","vary":"X-Origin, Referer, Origin,Accept-Encoding","date":"Wed, 17 Mar 2021 15:51:59 GMT","server":"ESF","cache-control":"private","x-xss-protection":"0","x-frame-options":"SAMEORIGIN","x-content-type-options":"nosniff","alt-svc":"h3-29=\":443\"; ma=2592000,h3-T051=\":443\"; ma=2592000,h3-Q050=\":443\"; ma=2592000,h3-Q046=\":443\"; ma=2592000,h3-Q043=\":443\"; ma=2592000,quic=\":443\"; ma=2592000; v=\"46,43\"","accept-ranges":"none","transfer-encoding":"chunked"}
[debug] [2021-03-17T15:51:59.796Z] <<< HTTP RESPONSE 200 {"content-type":"application/json; charset=UTF-8","vary":"X-Origin, Referer, Origin,Accept-Encoding","date":"Wed, 17 Mar 2021 15:51:59 GMT","server":"ESF","cache-control":"private","x-xss-protection":"0","x-frame-options":"SAMEORIGIN","x-content-type-options":"nosniff","alt-svc":"h3-29=\":443\"; ma=2592000,h3-T051=\":443\"; ma=2592000,h3-Q050=\":443\"; ma=2592000,h3-Q046=\":443\"; ma=2592000,h3-Q043=\":443\"; ma=2592000,quic=\":443\"; ma=2592000; v=\"46,43\"","accept-ranges":"none","transfer-encoding":"chunked"}
[info] ✔  functions: required API cloudbuild.googleapis.com is enabled 
[debug] [2021-03-17T15:51:59.799Z] <<< HTTP RESPONSE 200 {"content-type":"application/json; charset=UTF-8","vary":"X-Origin, Referer, Origin,Accept-Encoding","date":"Wed, 17 Mar 2021 15:51:59 GMT","server":"ESF","cache-control":"private","x-xss-protection":"0","x-frame-options":"SAMEORIGIN","x-content-type-options":"nosniff","alt-svc":"h3-29=\":443\"; ma=2592000,h3-T051=\":443\"; ma=2592000,h3-Q050=\":443\"; ma=2592000,h3-Q046=\":443\"; ma=2592000,h3-Q043=\":443\"; ma=2592000,quic=\":443\"; ma=2592000; v=\"46,43\"","accept-ranges":"none","transfer-encoding":"chunked"}
[info] ✔  functions: required API cloudfunctions.googleapis.com is enabled 
[debug] [2021-03-17T15:51:59.800Z] >>> HTTP REQUEST GET https://firebase.googleapis.com/v1beta1/projects/clone-2d1c5/adminSdkConfig  
 
[debug] [2021-03-17T15:52:00.025Z] <<< HTTP RESPONSE 200 {"content-type":"application/json; charset=UTF-8","vary":"X-Origin, Referer, Origin,Accept-Encoding","date":"Wed, 17 Mar 2021 15:52:00 GMT","server":"ESF","cache-control":"private","x-xss-protection":"0","x-frame-options":"SAMEORIGIN","x-content-type-options":"nosniff","alt-svc":"h3-29=\":443\"; ma=2592000,h3-T051=\":443\"; ma=2592000,h3-Q050=\":443\"; ma=2592000,h3-Q046=\":443\"; ma=2592000,h3-Q043=\":443\"; ma=2592000,quic=\":443\"; ma=2592000; v=\"46,43\"","accept-ranges":"none","transfer-encoding":"chunked"}
[info] i  functions: preparing functions directory for uploading... 
[debug] [2021-03-17T15:52:00.027Z] >>> HTTP REQUEST GET https://runtimeconfig.googleapis.com/v1beta1/projects/clone-2d1c5/configs  
 
[debug] [2021-03-17T15:52:00.162Z] <<< HTTP RESPONSE 200 {"content-type":"application/json; charset=UTF-8","vary":"X-Origin, Referer, Origin,Accept-Encoding","date":"Wed, 17 Mar 2021 15:52:00 GMT","server":"ESF","cache-control":"private","x-xss-protection":"0","x-frame-options":"SAMEORIGIN","x-content-type-options":"nosniff","alt-svc":"h3-29=\":443\"; ma=2592000,h3-T051=\":443\"; ma=2592000,h3-Q050=\":443\"; ma=2592000,h3-Q046=\":443\"; ma=2592000,h3-Q043=\":443\"; ma=2592000,quic=\":443\"; ma=2592000; v=\"46,43\"","accept-ranges":"none","transfer-encoding":"chunked"}
[info] i  functions: packaged functions (43.06 KB) for uploading 
[debug] [2021-03-17T15:52:00.379Z] > [functions] package.json contents: {
  "name": "functions",
  "description": "Cloud Functions for Firebase",
  "scripts": {
    "serve": "firebase emulators:start --only functions",
    "shell": "firebase functions:shell",
    "start": "npm run shell",
    "deploy": "firebase deploy --only functions",
    "logs": "firebase functions:log"
  },
  "engines": {
    "node": "12"
  },
  "main": "index.js",
  "dependencies": {
    "cors": "^2.8.5",
    "dotenv": "^8.2.0",
    "express": "^4.17.1",
    "firebase-admin": "^9.2.0",
    "firebase-functions": "^3.11.0",
    "stripe": "^8.137.0"
  },
  "devDependencies": {
    "firebase-functions-test": "^0.2.0"
  },
  "private": true
}
[debug] [2021-03-17T15:52:00.380Z] >>> HTTP REQUEST POST https://firebasehosting.googleapis.com/v1beta1/sites/clone-2d1c5/versions  
 {"config":{"rewrites":[{"glob":"**","path":"/index.html"}]},"labels":{"deployment-tool":"cli-firebase"}}
[debug] [2021-03-17T15:52:01.115Z] <<< HTTP RESPONSE 200 {"content-type":"application/json; charset=UTF-8","vary":"X-Origin, Referer, Origin,Accept-Encoding","date":"Wed, 17 Mar 2021 15:52:01 GMT","server":"ESF","cache-control":"private","x-xss-protection":"0","x-frame-options":"SAMEORIGIN","x-content-type-options":"nosniff","alt-svc":"h3-29=\":443\"; ma=2592000,h3-T051=\":443\"; ma=2592000,h3-Q050=\":443\"; ma=2592000,h3-Q046=\":443\"; ma=2592000,h3-Q043=\":443\"; ma=2592000,quic=\":443\"; ma=2592000; v=\"46,43\"","accept-ranges":"none","transfer-encoding":"chunked"}
[debug] [2021-03-17T15:52:01.116Z] >>> HTTP REQUEST GET https://cloudfunctions.googleapis.com/v1/projects/clone-2d1c5/locations/-/functions  
 
[debug] [2021-03-17T15:52:01.533Z] <<< HTTP RESPONSE 200 {"content-type":"application/json; charset=UTF-8","vary":"X-Origin, Referer, Origin,Accept-Encoding","date":"Wed, 17 Mar 2021 15:52:01 GMT","server":"ESF","cache-control":"private","x-xss-protection":"0","x-frame-options":"SAMEORIGIN","x-content-type-options":"nosniff","alt-svc":"h3-29=\":443\"; ma=2592000,h3-T051=\":443\"; ma=2592000,h3-Q050=\":443\"; ma=2592000,h3-Q046=\":443\"; ma=2592000,h3-Q043=\":443\"; ma=2592000,quic=\":443\"; ma=2592000; v=\"46,43\"","accept-ranges":"none","transfer-encoding":"chunked"}
[debug] [2021-03-17T15:52:01.535Z] >>> HTTP REQUEST POST https://cloudfunctions.googleapis.com/v1/projects/clone-2d1c5/locations/us-central1/functions:generateUploadUrl  
 
[debug] [2021-03-17T15:52:02.247Z] <<< HTTP RESPONSE 200 {"content-type":"application/json; charset=UTF-8","vary":"X-Origin, Referer, Origin,Accept-Encoding","date":"Wed, 17 Mar 2021 15:52:02 GMT","server":"ESF","cache-control":"private","x-xss-protection":"0","x-frame-options":"SAMEORIGIN","x-content-type-options":"nosniff","alt-svc":"h3-29=\":443\"; ma=2592000,h3-T051=\":443\"; ma=2592000,h3-Q050=\":443\"; ma=2592000,h3-Q046=\":443\"; ma=2592000,h3-Q043=\":443\"; ma=2592000,quic=\":443\"; ma=2592000; v=\"46,43\"","accept-ranges":"none","transfer-encoding":"chunked"}
[debug] [2021-03-17T15:52:02.248Z] >>> HTTP REQUEST PUT https://storage.googleapis.com/gcf-upload-us-central1-c93d0742-0127-4cc9-84e3-32723a89c954/84e4cc20-b08a-4147-9420-55f3482f44c4.zip?GoogleAccessId=service-410859183865@gcf-admin-robot.iam.gserviceaccount.com&Expires=1615998122&Signature=fu3pj58xhtUzKxGR5Q0%2Fk6zCwcDdnxj7mUwRPg0x%2FPZhmOH1IT7vTkihRf0aMrKPx2ceRVh8RncrIreegB7si%2BQVQaBNepc%2B0GSOrwh7NKqYtkIRnr65XsQNK78HjhNw%2F2zc%2BW85v8ZQUi6Q06kKnehjywIU4unW5g8oipHeoJGiXkqooikdgGUCaIkjkJIK9fmctGeStnI6US9WTYL7NV6xwv2%2Bd4dlMDEHEy%2F3qtGDXYBKBQuXgjK75%2BNCDEA8j8hhFS7Mx44Zyub2EFYvz5LD7MKabONNUlYwG7NRw9EUAjdwNvN75uSVo7KpSU3077Ky3YQtq1XNve0SmzhirQ%3D%3D  
 <request body omitted>
[debug] [2021-03-17T15:52:02.374Z] <<< HTTP RESPONSE 200 {"x-guploader-uploadid":"ABg5-UyMN3TfCzVkUeVm1_Y4NGFS1dv3PklW5aqdRm6DHP4go2zABBL_PoHlzSphL-iHHE_23jvjcjUED2pla5j5vCk","etag":"\"4b930ce121dbc21caa88f308c0d60c8f\"","x-goog-generation":"1615996322467027","x-goog-metageneration":"1","x-goog-hash":"crc32c=kB5TkQ==, md5=S5MM4SHbwhyqiPMIwNYMjw==","x-goog-stored-content-length":"44095","x-goog-stored-content-encoding":"identity","vary":"Origin","content-length":"0","date":"Wed, 17 Mar 2021 15:52:02 GMT","server":"UploadServer","content-type":"text/html; charset=UTF-8","alt-svc":"h3-29=\":443\"; ma=2592000,h3-T051=\":443\"; ma=2592000,h3-Q050=\":443\"; ma=2592000,h3-Q046=\":443\"; ma=2592000,h3-Q043=\":443\"; ma=2592000,quic=\":443\"; ma=2592000; v=\"46,43\""}
[info] ✔  functions: functions folder uploaded successfully 
[info] i  hosting[clone-2d1c5]: beginning deploy... 
[info] i  hosting[clone-2d1c5]: found 16 files in Build 
[debug] [2021-03-17T15:52:02.912Z] > refreshing access token with scopes: []
[debug] [2021-03-17T15:52:02.912Z] >>> HTTP REQUEST POST https://www.googleapis.com/oauth2/v3/token  
 <request body omitted>
[debug] [2021-03-17T15:52:02.913Z] [hosting] hash cache [QnVpbGQ] stored for 16 files
[debug] [2021-03-17T15:52:02.914Z] [hosting][hash queue][FINAL] {"max":526,"min":7,"avg":43.8125,"active":0,"complete":16,"success":16,"errored":0,"retried":0,"total":16,"elapsed":531}
[debug] [2021-03-17T15:52:02.972Z] <<< HTTP RESPONSE 200 {"cache-control":"no-cache, no-store, max-age=0, must-revalidate","date":"Wed, 17 Mar 2021 15:52:03 GMT","expires":"Mon, 01 Jan 1990 00:00:00 GMT","pragma":"no-cache","content-type":"application/json; charset=utf-8","vary":"X-Origin, Referer, Origin,Accept-Encoding","server":"scaffolding on HTTPServer2","x-xss-protection":"0","x-frame-options":"SAMEORIGIN","x-content-type-options":"nosniff","alt-svc":"h3-29=\":443\"; ma=2592000,h3-T051=\":443\"; ma=2592000,h3-Q050=\":443\"; ma=2592000,h3-Q046=\":443\"; ma=2592000,h3-Q043=\":443\"; ma=2592000,quic=\":443\"; ma=2592000; v=\"46,43\"","accept-ranges":"none","transfer-encoding":"chunked"}
[debug] [2021-03-17T15:52:03.001Z] >>> [apiv2][query] POST https://firebasehosting.googleapis.com/v1beta1/sites/clone-2d1c5/versions/ae187f6bdcac133f:populateFiles [none]
[debug] [2021-03-17T15:52:03.001Z] >>> [apiv2][body] POST https://firebasehosting.googleapis.com/v1beta1/sites/clone-2d1c5/versions/ae187f6bdcac133f:populateFiles {"files":{"/asset-manifest.json":"a9a6e7471a2f9bed25d6cc8bf7b43f25de530b11ec57b1a51df07d4c1a44b63e","/favicon.ico":"1f461129a2d05c54a7637171135aaa25e9e5b77f10adb75e645a51530da69ac3","/robots.txt":"391d14b3c2f8c9143a27a28c7399585142228d4d1bdbe2c87ac946de411fa9a2","/index.html":"7f59d4cc7ded49cb5e0646af1e0daa9fdef8134dc994a35ec8846221baf3407a","/manifest.json":"341d52628782f8ac9290bbfc43298afccb47b7cbfcee146ae30cf0f46bc30900","/static/css/main.4f0b18c9.chunk.css":"b1cf7aab49923f0920158cb670d1e03de0e5fbd26a2ab592f90eb88d7bc2aebc","/static/js/2.ddb33258.chunk.js.LICENSE.txt":"e0e8cb0f31c0b856c99328bc2affd6c8c8941c245ea37193e2c1bbad4f1b986c","/static/css/main.4f0b18c9.chunk.css.map":"4b5766f543f3a10ca70938ad3706ff3b1dae0ff32bb3f99b6f9b0a65fb5bda9c","/static/js/3.f668aa37.chunk.js":"6e541f23b1c7d59ad67238f8334938413e7a9e82ec5667604a8f059b17f28c10","/static/js/3.f668aa37.chunk.js.map":"87b0db350c8b410beb6a5b8cf658cc57a748910737d01b487edd35555401faae","/static/js/main.0538cea0.chunk.js":"d63e3669770f08309dfb607fc25758797ef82e843ad936f10f8bd1f6aee994e6","/static/js/runtime-main.daaec7f6.js":"210069203f136b39ab92ec3cf4fbcabe0ab0bf3e62772d1b41fa95c3f7212820","/static/js/runtime-main.daaec7f6.js.map":"49f108097120041145d2f9d9b736d1d636153a1b6ce7170cb4bf380395c164fb","/static/js/main.0538cea0.chunk.js.map":"1f93d774a7c203f5f926418f36740b3e12cddaee2e57d36b1b5ca41fd88b770d","/static/js/2.ddb33258.chunk.js":"43816bf06620ac20e4c2c338e785e7811f3e8b910531e5a5ce63adf9b9fb758a","/static/js/2.ddb33258.chunk.js.map":"79cc182dcdc47b2aefc7c81a5c315e87e78531fddc8d3ffa56c8920cb6f9006d"}}
[debug] [2021-03-17T15:52:03.395Z] <<< [apiv2][status] POST https://firebasehosting.googleapis.com/v1beta1/sites/clone-2d1c5/versions/ae187f6bdcac133f:populateFiles 200
[debug] [2021-03-17T15:52:03.395Z] <<< [apiv2][body] POST https://firebasehosting.googleapis.com/v1beta1/sites/clone-2d1c5/versions/ae187f6bdcac133f:populateFiles {"uploadRequiredHashes":["1f93d774a7c203f5f926418f36740b3e12cddaee2e57d36b1b5ca41fd88b770d","a9a6e7471a2f9bed25d6cc8bf7b43f25de530b11ec57b1a51df07d4c1a44b63e","d63e3669770f08309dfb607fc25758797ef82e843ad936f10f8bd1f6aee994e6","7f59d4cc7ded49cb5e0646af1e0daa9fdef8134dc994a35ec8846221baf3407a"],"uploadUrl":"https://upload-firebasehosting.googleapis.com/upload/sites/clone-2d1c5/versions/ae187f6bdcac133f/files"}
[debug] [2021-03-17T15:52:03.396Z] >>> [apiv2][query] POST https://upload-firebasehosting.googleapis.com/upload/sites/clone-2d1c5/versions/ae187f6bdcac133f/files/1f93d774a7c203f5f926418f36740b3e12cddaee2e57d36b1b5ca41fd88b770d [none]
[debug] [2021-03-17T15:52:03.396Z] >>> [apiv2][body] POST https://upload-firebasehosting.googleapis.com/upload/sites/clone-2d1c5/versions/ae187f6bdcac133f/files/1f93d774a7c203f5f926418f36740b3e12cddaee2e57d36b1b5ca41fd88b770d [stream]
[debug] [2021-03-17T15:52:03.397Z] >>> [apiv2][query] POST https://upload-firebasehosting.googleapis.com/upload/sites/clone-2d1c5/versions/ae187f6bdcac133f/files/a9a6e7471a2f9bed25d6cc8bf7b43f25de530b11ec57b1a51df07d4c1a44b63e [none]
[debug] [2021-03-17T15:52:03.397Z] >>> [apiv2][body] POST https://upload-firebasehosting.googleapis.com/upload/sites/clone-2d1c5/versions/ae187f6bdcac133f/files/a9a6e7471a2f9bed25d6cc8bf7b43f25de530b11ec57b1a51df07d4c1a44b63e [stream]
[debug] [2021-03-17T15:52:03.398Z] >>> [apiv2][query] POST https://upload-firebasehosting.googleapis.com/upload/sites/clone-2d1c5/versions/ae187f6bdcac133f/files/d63e3669770f08309dfb607fc25758797ef82e843ad936f10f8bd1f6aee994e6 [none]
[debug] [2021-03-17T15:52:03.398Z] >>> [apiv2][body] POST https://upload-firebasehosting.googleapis.com/upload/sites/clone-2d1c5/versions/ae187f6bdcac133f/files/d63e3669770f08309dfb607fc25758797ef82e843ad936f10f8bd1f6aee994e6 [stream]
[debug] [2021-03-17T15:52:03.398Z] >>> [apiv2][query] POST https://upload-firebasehosting.googleapis.com/upload/sites/clone-2d1c5/versions/ae187f6bdcac133f/files/7f59d4cc7ded49cb5e0646af1e0daa9fdef8134dc994a35ec8846221baf3407a [none]
[debug] [2021-03-17T15:52:03.398Z] >>> [apiv2][body] POST https://upload-firebasehosting.googleapis.com/upload/sites/clone-2d1c5/versions/ae187f6bdcac133f/files/7f59d4cc7ded49cb5e0646af1e0daa9fdef8134dc994a35ec8846221baf3407a [stream]
[debug] [2021-03-17T15:52:03.399Z] [hosting][populate queue][FINAL] {"max":484,"min":484,"avg":484,"active":0,"complete":1,"success":1,"errored":0,"retried":0,"total":1,"elapsed":487}
[debug] [2021-03-17T15:52:03.399Z] [hosting] uploads queued: 4
[debug] [2021-03-17T15:52:03.982Z] <<< [apiv2][status] POST https://upload-firebasehosting.googleapis.com/upload/sites/clone-2d1c5/versions/ae187f6bdcac133f/files/1f93d774a7c203f5f926418f36740b3e12cddaee2e57d36b1b5ca41fd88b770d 200
[debug] [2021-03-17T15:52:03.982Z] <<< [apiv2][body] POST https://upload-firebasehosting.googleapis.com/upload/sites/clone-2d1c5/versions/ae187f6bdcac133f/files/1f93d774a7c203f5f926418f36740b3e12cddaee2e57d36b1b5ca41fd88b770d [stream]
[debug] [2021-03-17T15:52:03.990Z] <<< [apiv2][status] POST https://upload-firebasehosting.googleapis.com/upload/sites/clone-2d1c5/versions/ae187f6bdcac133f/files/d63e3669770f08309dfb607fc25758797ef82e843ad936f10f8bd1f6aee994e6 200
[debug] [2021-03-17T15:52:03.990Z] <<< [apiv2][body] POST https://upload-firebasehosting.googleapis.com/upload/sites/clone-2d1c5/versions/ae187f6bdcac133f/files/d63e3669770f08309dfb607fc25758797ef82e843ad936f10f8bd1f6aee994e6 [stream]
[debug] [2021-03-17T15:52:03.995Z] <<< [apiv2][status] POST https://upload-firebasehosting.googleapis.com/upload/sites/clone-2d1c5/versions/ae187f6bdcac133f/files/a9a6e7471a2f9bed25d6cc8bf7b43f25de530b11ec57b1a51df07d4c1a44b63e 200
[debug] [2021-03-17T15:52:03.995Z] <<< [apiv2][body] POST https://upload-firebasehosting.googleapis.com/upload/sites/clone-2d1c5/versions/ae187f6bdcac133f/files/a9a6e7471a2f9bed25d6cc8bf7b43f25de530b11ec57b1a51df07d4c1a44b63e [stream]
[debug] [2021-03-17T15:52:04.389Z] <<< [apiv2][status] POST https://upload-firebasehosting.googleapis.com/upload/sites/clone-2d1c5/versions/ae187f6bdcac133f/files/7f59d4cc7ded49cb5e0646af1e0daa9fdef8134dc994a35ec8846221baf3407a 200
[debug] [2021-03-17T15:52:04.389Z] <<< [apiv2][body] POST https://upload-firebasehosting.googleapis.com/upload/sites/clone-2d1c5/versions/ae187f6bdcac133f/files/7f59d4cc7ded49cb5e0646af1e0daa9fdef8134dc994a35ec8846221baf3407a [stream]
[debug] [2021-03-17T15:52:04.390Z] [hosting][upload queue][FINAL] {"max":993,"min":588,"avg":693.75,"active":0,"complete":4,"success":4,"errored":0,"retried":0,"total":4,"elapsed":995}
[info] ✔  hosting[clone-2d1c5]: file upload complete 
[debug] [2021-03-17T15:52:04.390Z] [hosting] deploy completed after 2015ms
[info] i  functions: updating Node.js 12 function api(us-central1)... 
[debug] [2021-03-17T15:52:04.453Z] > refreshing access token with scopes: ["email","https://www.googleapis.com/auth/cloud-platform","https://www.googleapis.com/auth/cloudplatformprojects.readonly","https://www.googleapis.com/auth/firebase","openid"]
[debug] [2021-03-17T15:52:04.453Z] >>> HTTP REQUEST POST https://www.googleapis.com/oauth2/v3/token  
 <request body omitted>
[debug] [2021-03-17T15:52:04.517Z] <<< HTTP RESPONSE 200 {"expires":"Mon, 01 Jan 1990 00:00:00 GMT","pragma":"no-cache","cache-control":"no-cache, no-store, max-age=0, must-revalidate","date":"Wed, 17 Mar 2021 15:52:04 GMT","content-type":"application/json; charset=utf-8","vary":"X-Origin, Referer, Origin,Accept-Encoding","server":"scaffolding on HTTPServer2","x-xss-protection":"0","x-frame-options":"SAMEORIGIN","x-content-type-options":"nosniff","alt-svc":"h3-29=\":443\"; ma=2592000,h3-T051=\":443\"; ma=2592000,h3-Q050=\":443\"; ma=2592000,h3-Q046=\":443\"; ma=2592000,h3-Q043=\":443\"; ma=2592000,quic=\":443\"; ma=2592000; v=\"46,43\"","accept-ranges":"none","transfer-encoding":"chunked"}
[debug] [2021-03-17T15:52:04.546Z] >>> HTTP REQUEST PATCH https://cloudfunctions.googleapis.com/v1/projects/clone-2d1c5/locations/us-central1/functions/api {"updateMask":"sourceUploadUrl,name,labels,runtime,environmentVariables,httpsTrigger"} 
 {"sourceUploadUrl":"https://storage.googleapis.com/gcf-upload-us-central1-c93d0742-0127-4cc9-84e3-32723a89c954/84e4cc20-b08a-4147-9420-55f3482f44c4.zip?GoogleAccessId=service-410859183865@gcf-admin-robot.iam.gserviceaccount.com&Expires=1615998122&Signature=fu3pj58xhtUzKxGR5Q0%2Fk6zCwcDdnxj7mUwRPg0x%2FPZhmOH1IT7vTkihRf0aMrKPx2ceRVh8RncrIreegB7si%2BQVQaBNepc%2B0GSOrwh7NKqYtkIRnr65XsQNK78HjhNw%2F2zc%2BW85v8ZQUi6Q06kKnehjywIU4unW5g8oipHeoJGiXkqooikdgGUCaIkjkJIK9fmctGeStnI6US9WTYL7NV6xwv2%2Bd4dlMDEHEy%2F3qtGDXYBKBQuXgjK75%2BNCDEA8j8hhFS7Mx44Zyub2EFYvz5LD7MKabONNUlYwG7NRw9EUAjdwNvN75uSVo7KpSU3077Ky3YQtq1XNve0SmzhirQ%3D%3D","name":"projects/clone-2d1c5/locations/us-central1/functions/api","labels":{"deployment-tool":"cli-firebase"},"httpsTrigger":{},"runtime":"nodejs12","environmentVariables":{"FIREBASE_CONFIG":"{\"projectId\":\"clone-2d1c5\",\"storageBucket\":\"clone-2d1c5.appspot.com\",\"locationId\":\"us-east1\"}"}}
[debug] [2021-03-17T15:52:05.109Z] <<< HTTP RESPONSE 200 {"content-type":"application/json; charset=UTF-8","vary":"X-Origin, Referer, Origin,Accept-Encoding","date":"Wed, 17 Mar 2021 15:52:05 GMT","server":"ESF","cache-control":"private","x-xss-protection":"0","x-frame-options":"SAMEORIGIN","x-content-type-options":"nosniff","alt-svc":"h3-29=\":443\"; ma=2592000,h3-T051=\":443\"; ma=2592000,h3-Q050=\":443\"; ma=2592000,h3-Q046=\":443\"; ma=2592000,h3-Q043=\":443\"; ma=2592000,quic=\":443\"; ma=2592000; v=\"46,43\"","accept-ranges":"none","transfer-encoding":"chunked"}
[debug] [2021-03-17T15:52:05.110Z] > refreshing access token with scopes: []
[debug] [2021-03-17T15:52:05.110Z] >>> HTTP REQUEST POST https://www.googleapis.com/oauth2/v3/token  
 <request body omitted>
[debug] [2021-03-17T15:52:05.163Z] <<< HTTP RESPONSE 200 {"pragma":"no-cache","expires":"Mon, 01 Jan 1990 00:00:00 GMT","date":"Wed, 17 Mar 2021 15:52:05 GMT","cache-control":"no-cache, no-store, max-age=0, must-revalidate","content-type":"application/json; charset=utf-8","vary":"X-Origin, Referer, Origin,Accept-Encoding","server":"scaffolding on HTTPServer2","x-xss-protection":"0","x-frame-options":"SAMEORIGIN","x-content-type-options":"nosniff","alt-svc":"h3-29=\":443\"; ma=2592000,h3-T051=\":443\"; ma=2592000,h3-Q050=\":443\"; ma=2592000,h3-Q046=\":443\"; ma=2592000,h3-Q043=\":443\"; ma=2592000,quic=\":443\"; ma=2592000; v=\"46,43\"","accept-ranges":"none","transfer-encoding":"chunked"}
[debug] [2021-03-17T15:52:05.191Z] >>> [apiv2][query] GET https://cloudfunctions.googleapis.com/v1/operations/Y2xvbmUtMmQxYzUvdXMtY2VudHJhbDEvYXBpL0tkWXMxU2phbWxv [none]
[debug] [2021-03-17T15:52:05.415Z] <<< [apiv2][status] GET https://cloudfunctions.googleapis.com/v1/operations/Y2xvbmUtMmQxYzUvdXMtY2VudHJhbDEvYXBpL0tkWXMxU2phbWxv 200
[debug] [2021-03-17T15:52:05.415Z] <<< [apiv2][body] GET https://cloudfunctions.googleapis.com/v1/operations/Y2xvbmUtMmQxYzUvdXMtY2VudHJhbDEvYXBpL0tkWXMxU2phbWxv {"name":"operations/Y2xvbmUtMmQxYzUvdXMtY2VudHJhbDEvYXBpL0tkWXMxU2phbWxv","metadata":{"@type":"type.googleapis.com/google.cloud.functions.v1.OperationMetadataV1","target":"projects/clone-2d1c5/locations/us-central1/functions/api","type":"UPDATE_FUNCTION","request":{"@type":"type.googleapis.com/google.cloud.functions.v1.CloudFunction","name":"projects/clone-2d1c5/locations/us-central1/functions/api","httpsTrigger":{},"status":"ACTIVE","entryPoint":"api","timeout":"60s","availableMemoryMb":256,"serviceAccountEmail":"clone-2d1c5@appspot.gserviceaccount.com","updateTime":"2021-03-17T15:45:33.287Z","versionId":"4","labels":{"deployment-tool":"cli-firebase"},"sourceUploadUrl":"https://storage.googleapis.com/gcf-upload-us-central1-c93d0742-0127-4cc9-84e3-32723a89c954/84e4cc20-b08a-4147-9420-55f3482f44c4.zip?GoogleAccessId=service-410859183865@gcf-admin-robot.iam.gserviceaccount.com&Expires=1615998122&Signature=fu3pj58xhtUzKxGR5Q0%2Fk6zCwcDdnxj7mUwRPg0x%2FPZhmOH1IT7vTkihRf0aMrKPx2ceRVh8RncrIreegB7si%2BQVQaBNepc%2B0GSOrwh7NKqYtkIRnr65XsQNK78HjhNw%2F2zc%2BW85v8ZQUi6Q06kKnehjywIU4unW5g8oipHeoJGiXkqooikdgGUCaIkjkJIK9fmctGeStnI6US9WTYL7NV6xwv2%2Bd4dlMDEHEy%2F3qtGDXYBKBQuXgjK75%2BNCDEA8j8hhFS7Mx44Zyub2EFYvz5LD7MKabONNUlYwG7NRw9EUAjdwNvN75uSVo7KpSU3077Ky3YQtq1XNve0SmzhirQ%3D%3D","environmentVariables":{"FIREBASE_CONFIG":"{\"projectId\":\"clone-2d1c5\",\"storageBucket\":\"clone-2d1c5.appspot.com\",\"locationId\":\"us-east1\"}"},"runtime":"nodejs12","ingressSettings":"ALLOW_ALL","buildId":"c9fb4413-ad71-49da-b66a-c3307a5b506b"},"versionId":"5","updateTime":"2021-03-17T15:52:05Z"}}
[debug] [2021-03-17T15:52:05.921Z] [update-projects/clone-2d1c5/locations/us-central1/functions/api] Retrying task index 0
[debug] [2021-03-17T15:52:05.922Z] >>> [apiv2][query] GET https://cloudfunctions.googleapis.com/v1/operations/Y2xvbmUtMmQxYzUvdXMtY2VudHJhbDEvYXBpL0tkWXMxU2phbWxv [none]
[debug] [2021-03-17T15:52:06.117Z] <<< [apiv2][status] GET https://cloudfunctions.googleapis.com/v1/operations/Y2xvbmUtMmQxYzUvdXMtY2VudHJhbDEvYXBpL0tkWXMxU2phbWxv 200
[debug] [2021-03-17T15:52:06.117Z] <<< [apiv2][body] GET https://cloudfunctions.googleapis.com/v1/operations/Y2xvbmUtMmQxYzUvdXMtY2VudHJhbDEvYXBpL0tkWXMxU2phbWxv {"name":"operations/Y2xvbmUtMmQxYzUvdXMtY2VudHJhbDEvYXBpL0tkWXMxU2phbWxv","metadata":{"@type":"type.googleapis.com/google.cloud.functions.v1.OperationMetadataV1","target":"projects/clone-2d1c5/locations/us-central1/functions/api","type":"UPDATE_FUNCTION","request":{"@type":"type.googleapis.com/google.cloud.functions.v1.CloudFunction","name":"projects/clone-2d1c5/locations/us-central1/functions/api","httpsTrigger":{},"status":"ACTIVE","entryPoint":"api","timeout":"60s","availableMemoryMb":256,"serviceAccountEmail":"clone-2d1c5@appspot.gserviceaccount.com","updateTime":"2021-03-17T15:45:33.287Z","versionId":"4","labels":{"deployment-tool":"cli-firebase"},"sourceUploadUrl":"https://storage.googleapis.com/gcf-upload-us-central1-c93d0742-0127-4cc9-84e3-32723a89c954/84e4cc20-b08a-4147-9420-55f3482f44c4.zip?GoogleAccessId=service-410859183865@gcf-admin-robot.iam.gserviceaccount.com&Expires=1615998122&Signature=fu3pj58xhtUzKxGR5Q0%2Fk6zCwcDdnxj7mUwRPg0x%2FPZhmOH1IT7vTkihRf0aMrKPx2ceRVh8RncrIreegB7si%2BQVQaBNepc%2B0GSOrwh7NKqYtkIRnr65XsQNK78HjhNw%2F2zc%2BW85v8ZQUi6Q06kKnehjywIU4unW5g8oipHeoJGiXkqooikdgGUCaIkjkJIK9fmctGeStnI6US9WTYL7NV6xwv2%2Bd4dlMDEHEy%2F3qtGDXYBKBQuXgjK75%2BNCDEA8j8hhFS7Mx44Zyub2EFYvz5LD7MKabONNUlYwG7NRw9EUAjdwNvN75uSVo7KpSU3077Ky3YQtq1XNve0SmzhirQ%3D%3D","environmentVariables":{"FIREBASE_CONFIG":"{\"projectId\":\"clone-2d1c5\",\"storageBucket\":\"clone-2d1c5.appspot.com\",\"locationId\":\"us-east1\"}"},"runtime":"nodejs12","ingressSettings":"ALLOW_ALL","buildId":"c9fb4413-ad71-49da-b66a-c3307a5b506b"},"versionId":"5","updateTime":"2021-03-17T15:52:05Z","buildId":"e19f61dd-2874-453b-8148-03a607220ebc"}}
[debug] [2021-03-17T15:52:07.118Z] [update-projects/clone-2d1c5/locations/us-central1/functions/api] Retrying task index 0
[debug] [2021-03-17T15:52:07.118Z] >>> [apiv2][query] GET https://cloudfunctions.googleapis.com/v1/operations/Y2xvbmUtMmQxYzUvdXMtY2VudHJhbDEvYXBpL0tkWXMxU2phbWxv [none]
[debug] [2021-03-17T15:52:07.262Z] <<< [apiv2][status] GET https://cloudfunctions.googleapis.com/v1/operations/Y2xvbmUtMmQxYzUvdXMtY2VudHJhbDEvYXBpL0tkWXMxU2phbWxv 200
[debug] [2021-03-17T15:52:07.262Z] <<< [apiv2][body] GET https://cloudfunctions.googleapis.com/v1/operations/Y2xvbmUtMmQxYzUvdXMtY2VudHJhbDEvYXBpL0tkWXMxU2phbWxv {"name":"operations/Y2xvbmUtMmQxYzUvdXMtY2VudHJhbDEvYXBpL0tkWXMxU2phbWxv","metadata":{"@type":"type.googleapis.com/google.cloud.functions.v1.OperationMetadataV1","target":"projects/clone-2d1c5/locations/us-central1/functions/api","type":"UPDATE_FUNCTION","request":{"@type":"type.googleapis.com/google.cloud.functions.v1.CloudFunction","name":"projects/clone-2d1c5/locations/us-central1/functions/api","httpsTrigger":{},"status":"ACTIVE","entryPoint":"api","timeout":"60s","availableMemoryMb":256,"serviceAccountEmail":"clone-2d1c5@appspot.gserviceaccount.com","updateTime":"2021-03-17T15:45:33.287Z","versionId":"4","labels":{"deployment-tool":"cli-firebase"},"sourceUploadUrl":"https://storage.googleapis.com/gcf-upload-us-central1-c93d0742-0127-4cc9-84e3-32723a89c954/84e4cc20-b08a-4147-9420-55f3482f44c4.zip?GoogleAccessId=service-410859183865@gcf-admin-robot.iam.gserviceaccount.com&Expires=1615998122&Signature=fu3pj58xhtUzKxGR5Q0%2Fk6zCwcDdnxj7mUwRPg0x%2FPZhmOH1IT7vTkihRf0aMrKPx2ceRVh8RncrIreegB7si%2BQVQaBNepc%2B0GSOrwh7NKqYtkIRnr65XsQNK78HjhNw%2F2zc%2BW85v8ZQUi6Q06kKnehjywIU4unW5g8oipHeoJGiXkqooikdgGUCaIkjkJIK9fmctGeStnI6US9WTYL7NV6xwv2%2Bd4dlMDEHEy%2F3qtGDXYBKBQuXgjK75%2BNCDEA8j8hhFS7Mx44Zyub2EFYvz5LD7MKabONNUlYwG7NRw9EUAjdwNvN75uSVo7KpSU3077Ky3YQtq1XNve0SmzhirQ%3D%3D","environmentVariables":{"FIREBASE_CONFIG":"{\"projectId\":\"clone-2d1c5\",\"storageBucket\":\"clone-2d1c5.appspot.com\",\"locationId\":\"us-east1\"}"},"runtime":"nodejs12","ingressSettings":"ALLOW_ALL","buildId":"c9fb4413-ad71-49da-b66a-c3307a5b506b"},"versionId":"5","updateTime":"2021-03-17T15:52:05Z","buildId":"e19f61dd-2874-453b-8148-03a607220ebc"}}
[debug] [2021-03-17T15:52:09.263Z] [update-projects/clone-2d1c5/locations/us-central1/functions/api] Retrying task index 0
[debug] [2021-03-17T15:52:09.263Z] >>> [apiv2][query] GET https://cloudfunctions.googleapis.com/v1/operations/Y2xvbmUtMmQxYzUvdXMtY2VudHJhbDEvYXBpL0tkWXMxU2phbWxv [none]
[debug] [2021-03-17T15:52:09.390Z] <<< [apiv2][status] GET https://cloudfunctions.googleapis.com/v1/operations/Y2xvbmUtMmQxYzUvdXMtY2VudHJhbDEvYXBpL0tkWXMxU2phbWxv 200
[debug] [2021-03-17T15:52:09.390Z] <<< [apiv2][body] GET https://cloudfunctions.googleapis.com/v1/operations/Y2xvbmUtMmQxYzUvdXMtY2VudHJhbDEvYXBpL0tkWXMxU2phbWxv {"name":"operations/Y2xvbmUtMmQxYzUvdXMtY2VudHJhbDEvYXBpL0tkWXMxU2phbWxv","metadata":{"@type":"type.googleapis.com/google.cloud.functions.v1.OperationMetadataV1","target":"projects/clone-2d1c5/locations/us-central1/functions/api","type":"UPDATE_FUNCTION","request":{"@type":"type.googleapis.com/google.cloud.functions.v1.CloudFunction","name":"projects/clone-2d1c5/locations/us-central1/functions/api","httpsTrigger":{},"status":"ACTIVE","entryPoint":"api","timeout":"60s","availableMemoryMb":256,"serviceAccountEmail":"clone-2d1c5@appspot.gserviceaccount.com","updateTime":"2021-03-17T15:45:33.287Z","versionId":"4","labels":{"deployment-tool":"cli-firebase"},"sourceUploadUrl":"https://storage.googleapis.com/gcf-upload-us-central1-c93d0742-0127-4cc9-84e3-32723a89c954/84e4cc20-b08a-4147-9420-55f3482f44c4.zip?GoogleAccessId=service-410859183865@gcf-admin-robot.iam.gserviceaccount.com&Expires=1615998122&Signature=fu3pj58xhtUzKxGR5Q0%2Fk6zCwcDdnxj7mUwRPg0x%2FPZhmOH1IT7vTkihRf0aMrKPx2ceRVh8RncrIreegB7si%2BQVQaBNepc%2B0GSOrwh7NKqYtkIRnr65XsQNK78HjhNw%2F2zc%2BW85v8ZQUi6Q06kKnehjywIU4unW5g8oipHeoJGiXkqooikdgGUCaIkjkJIK9fmctGeStnI6US9WTYL7NV6xwv2%2Bd4dlMDEHEy%2F3qtGDXYBKBQuXgjK75%2BNCDEA8j8hhFS7Mx44Zyub2EFYvz5LD7MKabONNUlYwG7NRw9EUAjdwNvN75uSVo7KpSU3077Ky3YQtq1XNve0SmzhirQ%3D%3D","environmentVariables":{"FIREBASE_CONFIG":"{\"projectId\":\"clone-2d1c5\",\"storageBucket\":\"clone-2d1c5.appspot.com\",\"locationId\":\"us-east1\"}"},"runtime":"nodejs12","ingressSettings":"ALLOW_ALL","buildId":"c9fb4413-ad71-49da-b66a-c3307a5b506b"},"versionId":"5","updateTime":"2021-03-17T15:52:05Z","buildId":"e19f61dd-2874-453b-8148-03a607220ebc"}}
[debug] [2021-03-17T15:52:13.394Z] [update-projects/clone-2d1c5/locations/us-central1/functions/api] Retrying task index 0
[debug] [2021-03-17T15:52:13.395Z] >>> [apiv2][query] GET https://cloudfunctions.googleapis.com/v1/operations/Y2xvbmUtMmQxYzUvdXMtY2VudHJhbDEvYXBpL0tkWXMxU2phbWxv [none]
[debug] [2021-03-17T15:52:13.524Z] <<< [apiv2][status] GET https://cloudfunctions.googleapis.com/v1/operations/Y2xvbmUtMmQxYzUvdXMtY2VudHJhbDEvYXBpL0tkWXMxU2phbWxv 200
[debug] [2021-03-17T15:52:13.525Z] <<< [apiv2][body] GET https://cloudfunctions.googleapis.com/v1/operations/Y2xvbmUtMmQxYzUvdXMtY2VudHJhbDEvYXBpL0tkWXMxU2phbWxv {"name":"operations/Y2xvbmUtMmQxYzUvdXMtY2VudHJhbDEvYXBpL0tkWXMxU2phbWxv","metadata":{"@type":"type.googleapis.com/google.cloud.functions.v1.OperationMetadataV1","target":"projects/clone-2d1c5/locations/us-central1/functions/api","type":"UPDATE_FUNCTION","request":{"@type":"type.googleapis.com/google.cloud.functions.v1.CloudFunction","name":"projects/clone-2d1c5/locations/us-central1/functions/api","httpsTrigger":{},"status":"ACTIVE","entryPoint":"api","timeout":"60s","availableMemoryMb":256,"serviceAccountEmail":"clone-2d1c5@appspot.gserviceaccount.com","updateTime":"2021-03-17T15:45:33.287Z","versionId":"4","labels":{"deployment-tool":"cli-firebase"},"sourceUploadUrl":"https://storage.googleapis.com/gcf-upload-us-central1-c93d0742-0127-4cc9-84e3-32723a89c954/84e4cc20-b08a-4147-9420-55f3482f44c4.zip?GoogleAccessId=service-410859183865@gcf-admin-robot.iam.gserviceaccount.com&Expires=1615998122&Signature=fu3pj58xhtUzKxGR5Q0%2Fk6zCwcDdnxj7mUwRPg0x%2FPZhmOH1IT7vTkihRf0aMrKPx2ceRVh8RncrIreegB7si%2BQVQaBNepc%2B0GSOrwh7NKqYtkIRnr65XsQNK78HjhNw%2F2zc%2BW85v8ZQUi6Q06kKnehjywIU4unW5g8oipHeoJGiXkqooikdgGUCaIkjkJIK9fmctGeStnI6US9WTYL7NV6xwv2%2Bd4dlMDEHEy%2F3qtGDXYBKBQuXgjK75%2BNCDEA8j8hhFS7Mx44Zyub2EFYvz5LD7MKabONNUlYwG7NRw9EUAjdwNvN75uSVo7KpSU3077Ky3YQtq1XNve0SmzhirQ%3D%3D","environmentVariables":{"FIREBASE_CONFIG":"{\"projectId\":\"clone-2d1c5\",\"storageBucket\":\"clone-2d1c5.appspot.com\",\"locationId\":\"us-east1\"}"},"runtime":"nodejs12","ingressSettings":"ALLOW_ALL","buildId":"c9fb4413-ad71-49da-b66a-c3307a5b506b"},"versionId":"5","updateTime":"2021-03-17T15:52:05Z","buildId":"e19f61dd-2874-453b-8148-03a607220ebc"}}
[debug] [2021-03-17T15:52:21.530Z] [update-projects/clone-2d1c5/locations/us-central1/functions/api] Retrying task index 0
[debug] [2021-03-17T15:52:21.530Z] >>> [apiv2][query] GET https://cloudfunctions.googleapis.com/v1/operations/Y2xvbmUtMmQxYzUvdXMtY2VudHJhbDEvYXBpL0tkWXMxU2phbWxv [none]
[debug] [2021-03-17T15:52:21.672Z] <<< [apiv2][status] GET https://cloudfunctions.googleapis.com/v1/operations/Y2xvbmUtMmQxYzUvdXMtY2VudHJhbDEvYXBpL0tkWXMxU2phbWxv 200
[debug] [2021-03-17T15:52:21.672Z] <<< [apiv2][body] GET https://cloudfunctions.googleapis.com/v1/operations/Y2xvbmUtMmQxYzUvdXMtY2VudHJhbDEvYXBpL0tkWXMxU2phbWxv {"name":"operations/Y2xvbmUtMmQxYzUvdXMtY2VudHJhbDEvYXBpL0tkWXMxU2phbWxv","metadata":{"@type":"type.googleapis.com/google.cloud.functions.v1.OperationMetadataV1","target":"projects/clone-2d1c5/locations/us-central1/functions/api","type":"UPDATE_FUNCTION","request":{"@type":"type.googleapis.com/google.cloud.functions.v1.CloudFunction","name":"projects/clone-2d1c5/locations/us-central1/functions/api","httpsTrigger":{},"status":"ACTIVE","entryPoint":"api","timeout":"60s","availableMemoryMb":256,"serviceAccountEmail":"clone-2d1c5@appspot.gserviceaccount.com","updateTime":"2021-03-17T15:45:33.287Z","versionId":"4","labels":{"deployment-tool":"cli-firebase"},"sourceUploadUrl":"https://storage.googleapis.com/gcf-upload-us-central1-c93d0742-0127-4cc9-84e3-32723a89c954/84e4cc20-b08a-4147-9420-55f3482f44c4.zip?GoogleAccessId=service-410859183865@gcf-admin-robot.iam.gserviceaccount.com&Expires=1615998122&Signature=fu3pj58xhtUzKxGR5Q0%2Fk6zCwcDdnxj7mUwRPg0x%2FPZhmOH1IT7vTkihRf0aMrKPx2ceRVh8RncrIreegB7si%2BQVQaBNepc%2B0GSOrwh7NKqYtkIRnr65XsQNK78HjhNw%2F2zc%2BW85v8ZQUi6Q06kKnehjywIU4unW5g8oipHeoJGiXkqooikdgGUCaIkjkJIK9fmctGeStnI6US9WTYL7NV6xwv2%2Bd4dlMDEHEy%2F3qtGDXYBKBQuXgjK75%2BNCDEA8j8hhFS7Mx44Zyub2EFYvz5LD7MKabONNUlYwG7NRw9EUAjdwNvN75uSVo7KpSU3077Ky3YQtq1XNve0SmzhirQ%3D%3D","environmentVariables":{"FIREBASE_CONFIG":"{\"projectId\":\"clone-2d1c5\",\"storageBucket\":\"clone-2d1c5.appspot.com\",\"locationId\":\"us-east1\"}"},"runtime":"nodejs12","ingressSettings":"ALLOW_ALL","buildId":"c9fb4413-ad71-49da-b66a-c3307a5b506b"},"versionId":"5","updateTime":"2021-03-17T15:52:05Z","buildId":"e19f61dd-2874-453b-8148-03a607220ebc"}}
[debug] [2021-03-17T15:52:37.675Z] [update-projects/clone-2d1c5/locations/us-central1/functions/api] Retrying task index 0
[debug] [2021-03-17T15:52:37.676Z] >>> [apiv2][query] GET https://cloudfunctions.googleapis.com/v1/operations/Y2xvbmUtMmQxYzUvdXMtY2VudHJhbDEvYXBpL0tkWXMxU2phbWxv [none]
[debug] [2021-03-17T15:52:37.838Z] <<< [apiv2][status] GET https://cloudfunctions.googleapis.com/v1/operations/Y2xvbmUtMmQxYzUvdXMtY2VudHJhbDEvYXBpL0tkWXMxU2phbWxv 200
[debug] [2021-03-17T15:52:37.838Z] <<< [apiv2][body] GET https://cloudfunctions.googleapis.com/v1/operations/Y2xvbmUtMmQxYzUvdXMtY2VudHJhbDEvYXBpL0tkWXMxU2phbWxv {"name":"operations/Y2xvbmUtMmQxYzUvdXMtY2VudHJhbDEvYXBpL0tkWXMxU2phbWxv","metadata":{"@type":"type.googleapis.com/google.cloud.functions.v1.OperationMetadataV1","target":"projects/clone-2d1c5/locations/us-central1/functions/api","type":"UPDATE_FUNCTION","request":{"@type":"type.googleapis.com/google.cloud.functions.v1.CloudFunction","name":"projects/clone-2d1c5/locations/us-central1/functions/api","httpsTrigger":{},"status":"ACTIVE","entryPoint":"api","timeout":"60s","availableMemoryMb":256,"serviceAccountEmail":"clone-2d1c5@appspot.gserviceaccount.com","updateTime":"2021-03-17T15:45:33.287Z","versionId":"4","labels":{"deployment-tool":"cli-firebase"},"sourceUploadUrl":"https://storage.googleapis.com/gcf-upload-us-central1-c93d0742-0127-4cc9-84e3-32723a89c954/84e4cc20-b08a-4147-9420-55f3482f44c4.zip?GoogleAccessId=service-410859183865@gcf-admin-robot.iam.gserviceaccount.com&Expires=1615998122&Signature=fu3pj58xhtUzKxGR5Q0%2Fk6zCwcDdnxj7mUwRPg0x%2FPZhmOH1IT7vTkihRf0aMrKPx2ceRVh8RncrIreegB7si%2BQVQaBNepc%2B0GSOrwh7NKqYtkIRnr65XsQNK78HjhNw%2F2zc%2BW85v8ZQUi6Q06kKnehjywIU4unW5g8oipHeoJGiXkqooikdgGUCaIkjkJIK9fmctGeStnI6US9WTYL7NV6xwv2%2Bd4dlMDEHEy%2F3qtGDXYBKBQuXgjK75%2BNCDEA8j8hhFS7Mx44Zyub2EFYvz5LD7MKabONNUlYwG7NRw9EUAjdwNvN75uSVo7KpSU3077Ky3YQtq1XNve0SmzhirQ%3D%3D","environmentVariables":{"FIREBASE_CONFIG":"{\"projectId\":\"clone-2d1c5\",\"storageBucket\":\"clone-2d1c5.appspot.com\",\"locationId\":\"us-east1\"}"},"runtime":"nodejs12","ingressSettings":"ALLOW_ALL","buildId":"c9fb4413-ad71-49da-b66a-c3307a5b506b"},"versionId":"5","updateTime":"2021-03-17T15:52:05Z","buildId":"e19f61dd-2874-453b-8148-03a607220ebc"}}
